{"meta": {"format": 3, "version": "7.15.3", "timestamp": "2026-08-05T21:56:30.073644", "branch_coverage": true, "show_contexts": false}, "files": {"src/skilltrustops/__init__.py": {"executed_lines": [3, 5, 7], "summary": {"covered_lines": 3, "num_statements": 3, "percent_covered": 100.0, "percent_covered_display": "100", "missing_lines": 0, "excluded_lines": 0, "percent_statements_covered": 100.0, "percent_statements_covered_display": "100", "num_branches": 0, "num_partial_branches": 0, "covered_branches": 0, "missing_branches": 0, "percent_branches_covered": 100.0, "percent_branches_covered_display": "100"}, "missing_lines": [], "excluded_lines": [], "executed_branches": [], "missing_branches": [], "functions": {"": {"executed_lines": [3, 5, 7], "summary": {"covered_lines": 3, "num_statements": 3, "percent_covered": 100.0, "percent_covered_display": "100", "missing_lines": 0, "excluded_lines": 0, "percent_statements_covered": 100.0, "percent_statements_covered_display": "100", "num_branches": 0, "num_partial_branches": 0, "covered_branches": 0, "missing_branches": 0, "percent_branches_covered": 100.0, "percent_branches_covered_display": "100"}, "missing_lines": [], "excluded_lines": [], "start_line": 1, "executed_branches": [], "missing_branches": []}}, "classes": {"": {"executed_lines": [3, 5, 7], "summary": {"covered_lines": 3, "num_statements": 3, "percent_covered": 100.0, "percent_covered_display": "100", "missing_lines": 0, "excluded_lines": 0, "percent_statements_covered": 100.0, "percent_statements_covered_display": "100", "num_branches": 0, "num_partial_branches": 0, "covered_branches": 0, "missing_branches": 0, "percent_branches_covered": 100.0, "percent_branches_covered_display": "100"}, "missing_lines": [], "excluded_lines": [], "start_line": 1, "executed_branches": [], "missing_branches": []}}}, "src/skilltrustops/__main__.py": {"executed_lines": [], "summary": {"covered_lines": 0, "num_statements": 2, "percent_covered": 0.0, "percent_covered_display": "0", "missing_lines": 2, "excluded_lines": 0, "percent_statements_covered": 0.0, "percent_statements_covered_display": "0", "num_branches": 0, "num_partial_branches": 0, "covered_branches": 0, "missing_branches": 0, "percent_branches_covered": 100.0, "percent_branches_covered_display": "100"}, "missing_lines": [3, 5], "excluded_lines": [], "executed_branches": [], "missing_branches": [], "functions": {"": {"executed_lines": [], "summary": {"covered_lines": 0, "num_statements": 2, "percent_covered": 0.0, "percent_covered_display": "0", "missing_lines": 2, "excluded_lines": 0, "percent_statements_covered": 0.0, "percent_statements_covered_display": "0", "num_branches": 0, "num_partial_branches": 0, "covered_branches": 0, "missing_branches": 0, "percent_branches_covered": 100.0, "percent_branches_covered_display": "100"}, "missing_lines": [3, 5], "excluded_lines": [], "start_line": 1, "executed_branches": [], "missing_branches": []}}, "classes": {"": {"executed_lines": [], "summary": {"covered_lines": 0, "num_statements": 2, "percent_covered": 0.0, "percent_covered_display": "0", "missing_lines": 2, "excluded_lines": 0, "percent_statements_covered": 0.0, "percent_statements_covered_display": "0", "num_branches": 0, "num_partial_branches": 0, "covered_branches": 0, "missing_branches": 0, "percent_branches_covered": 100.0, "percent_branches_covered_display": "100"}, "missing_lines": [3, 5], "excluded_lines": [], "start_line": 1, "executed_branches": [], "missing_branches": []}}}, "src/skilltrustops/adapters/__init__.py": {"executed_lines": [], "summary": {"covered_lines": 0, "num_statements": 0, "percent_covered": 100.0, "percent_covered_display": "100", "missing_lines": 0, "excluded_lines": 0, "percent_statements_covered": 100.0, "percent_statements_covered_display": "100", "num_branches": 0, "num_partial_branches": 0, "covered_branches": 0, "missing_branches": 0, "percent_branches_covered": 100.0, "percent_branches_covered_display": "100"}, "missing_lines": [], "excluded_lines": [], "executed_branches": [], "missing_branches": [], "functions": {"": {"executed_lines": [], "summary": {"covered_lines": 0, "num_statements": 0, "percent_covered": 100.0, "percent_covered_display": "100", "missing_lines": 0, "excluded_lines": 0, "percent_statements_covered": 100.0, "percent_statements_covered_display": "100", "num_branches": 0, "num_partial_branches": 0, "covered_branches": 0, "missing_branches": 0, "percent_branches_covered": 100.0, "percent_branches_covered_display": "100"}, "missing_lines": [], "excluded_lines": [], "start_line": 1, "executed_branches": [], "missing_branches": []}}, "classes": {"": {"executed_lines": [], "summary": {"covered_lines": 0, "num_statements": 0, "percent_covered": 100.0, "percent_covered_display": "100", "missing_lines": 0, "excluded_lines": 0, "percent_statements_covered": 100.0, "percent_statements_covered_display": "100", "num_branches": 0, "num_partial_branches": 0, "covered_branches": 0, "missing_branches": 0, "percent_branches_covered": 100.0, "percent_branches_covered_display": "100"}, "missing_lines": [], "excluded_lines": [], "start_line": 1, "executed_branches": [], "missing_branches": []}}}, "src/skilltrustops/adapters/filesystem.py": {"executed_lines": [3, 5, 6, 8, 11, 14, 15, 17, 19, 20, 27, 28, 35, 36, 44, 45, 52, 53, 57, 58, 65, 66, 67, 68, 77, 79, 80, 82, 83, 89, 103], "summary": {"covered_lines": 31, "num_statements": 36, "percent_covered": 89.1304347826087, "percent_covered_display": "89", "missing_lines": 5, "excluded_lines": 0, "percent_statements_covered": 86.11111111111111, "percent_statements_covered_display": "86", "num_branches": 10, "num_partial_branches": 0, "covered_branches": 10, "missing_branches": 0, "percent_branches_covered": 100.0, "percent_branches_covered_display": "100"}, "missing_lines": [54, 55, 74, 75, 104], "excluded_lines": [], "executed_branches": [[19, 20], [19, 27], [27, 28], [27, 35], [35, 36], [35, 44], [44, 45], [44, 52], [57, 58], [57, 65]], "missing_branches": [], "functions": {"SafeSkillFileLoader.__init__": {"executed_lines": [15], "summary": {"covered_lines": 1, "num_statements": 1, "percent_covered": 100.0, "percent_covered_display": "100", "missing_lines": 0, "excluded_lines": 0, "percent_statements_covered": 100.0, "percent_statements_covered_display": "100", "num_branches": 0, "num_partial_branches": 0, "covered_branches": 0, "missing_branches": 0, "percent_branches_covered": 100.0, "percent_branches_covered_display": "100"}, "missing_lines": [], "excluded_lines": [], "start_line": 14, "executed_branches": [], "missing_branches": []}, "SafeSkillFileLoader.load": {"executed_lines": [19, 20, 27, 28, 35, 36, 44, 45, 52, 53, 57, 58, 65, 66, 67, 68, 77], "summary": {"covered_lines": 17, "num_statements": 21, "percent_covered": 87.09677419354838, "percent_covered_display": "87", "missing_lines": 4, "excluded_lines": 0, "percent_statements_covered": 80.95238095238095, "percent_statements_covered_display": "81", "num_branches": 10, "num_partial_branches": 0, "covered_branches": 10, "missing_branches": 0, "percent_branches_covered": 100.0, "percent_branches_covered_display": "100"}, "missing_lines": [54, 55, 74, 75], "excluded_lines": [], "start_line": 17, "executed_branches": [[19, 20], [19, 27], [27, 28], [27, 35], [35, 36], [35, 44], [44, 45], [44, 52], [57, 58], [57, 65]], "missing_branches": []}, "SafeSkillFileLoader._rule_id": {"executed_lines": [80], "summary": {"covered_lines": 1, "num_statements": 1, "percent_covered": 100.0, "percent_covered_display": "100", "missing_lines": 0, "excluded_lines": 0, "percent_statements_covered": 100.0, "percent_statements_covered_display": "100", "num_branches": 0, "num_partial_branches": 0, "covered_branches": 0, "missing_branches": 0, "percent_branches_covered": 100.0, "percent_branches_covered_display": "100"}, "missing_lines": [], "excluded_lines": [], "start_line": 79, "executed_branches": [], "missing_branches": []}, "SafeSkillFileLoader._failure": {"executed_lines": [89], "summary": {"covered_lines": 1, "num_statements": 1, "percent_covered": 100.0, "percent_covered_display": "100", "missing_lines": 0, "excluded_lines": 0, "percent_statements_covered": 100.0, "percent_statements_covered_display": "100", "num_branches": 0, "num_partial_branches": 0, "covered_branches": 0, "missing_branches": 0, "percent_branches_covered": 100.0, "percent_branches_covered_display": "100"}, "missing_lines": [], "excluded_lines": [], "start_line": 83, "executed_branches": [], "missing_branches": []}, "SafeSkillFileLoader._read_failure": {"executed_lines": [], "summary": {"covered_lines": 0, "num_statements": 1, "percent_covered": 0.0, "percent_covered_display": "0", "missing_lines": 1, "excluded_lines": 0, "percent_statements_covered": 0.0, "percent_statements_covered_display": "0", "num_branches": 0, "num_partial_branches": 0, "covered_branches": 0, "missing_branches": 0, "percent_branches_covered": 100.0, "percent_branches_covered_display": "100"}, "missing_lines": [104], "excluded_lines": [], "start_line": 103, "executed_branches": [], "missing_branches": []}, "": {"executed_lines": [3, 5, 6, 8, 11, 14, 17, 79, 82, 83, 103], "summary": {"covered_lines": 11, "num_statements": 11, "percent_covered": 100.0, "percent_covered_display": "100", "missing_lines": 0, "excluded_lines": 0, "percent_statements_covered": 100.0, "percent_statements_covered_display": "100", "num_branches": 0, "num_partial_branches": 0, "covered_branches": 0, "missing_branches": 0, "percent_branches_covered": 100.0, "percent_branches_covered_display": "100"}, "missing_lines": [], "excluded_lines": [], "start_line": 1, "executed_branches": [], "missing_branches": []}}, "classes": {"SafeSkillFileLoader": {"executed_lines": [15, 19, 20, 27, 28, 35, 36, 44, 45, 52, 53, 57, 58, 65, 66, 67, 68, 77, 80, 89], "summary": {"covered_lines": 20, "num_statements": 25, "percent_covered": 85.71428571428571, "percent_covered_display": "86", "missing_lines": 5, "excluded_lines": 0, "percent_statements_covered": 80.0, "percent_statements_covered_display": "80", "num_branches": 10, "num_partial_branches": 0, "covered_branches": 10, "missing_branches": 0, "percent_branches_covered": 100.0, "percent_branches_covered_display": "100"}, "missing_lines": [54, 55, 74, 75, 104], "excluded_lines": [], "start_line": 11, "executed_branches": [[19, 20], [19, 27], [27, 28], [27, 35], [35, 36], [35, 44], [44, 45], [44, 52], [57, 58], [57, 65]], "missing_branches": []}, "": {"executed_lines": [3, 5, 6, 8, 11, 14, 17, 79, 82, 83, 103], "summary": {"covered_lines": 11, "num_statements": 11, "percent_covered": 100.0, "percent_covered_display": "100", "missing_lines": 0, "excluded_lines": 0, "percent_statements_covered": 100.0, "percent_statements_covered_display": "100", "num_branches": 0, "num_partial_branches": 0, "covered_branches": 0, "missing_branches": 0, "percent_branches_covered": 100.0, "percent_branches_covered_display": "100"}, "missing_lines": [], "excluded_lines": [], "start_line": 1, "executed_branches": [], "missing_branches": []}}}, "src/skilltrustops/adapters/gitleaks.py": {"executed_lines": [3, 5, 6, 7, 8, 9, 10, 11, 13, 14, 15, 17, 20, 23, 29, 30, 31, 33, 35, 36, 37, 42, 43, 44, 62, 63, 65, 66, 67, 68, 69, 86, 92, 93, 94, 95, 100, 101, 106, 108, 113, 114, 115, 116, 118, 121, 122, 123, 126, 127, 128, 145, 147, 148, 149, 151, 152, 154, 155, 156, 157], "summary": {"covered_lines": 61, "num_statements": 71, "percent_covered": 82.79569892473118, "percent_covered_display": "83", "missing_lines": 10, "excluded_lines": 0, "percent_statements_covered": 85.91549295774648, "percent_statements_covered_display": "86", "num_branches": 22, "num_partial_branches": 6, "covered_branches": 16, "missing_branches": 6, "percent_branches_covered": 72.72727272727273, "percent_branches_covered_display": "73"}, "missing_lines": [79, 80, 83, 84, 87, 102, 119, 124, 150, 158], "excluded_lines": [], "executed_branches": [[36, 37], [36, 42], [62, 63], [62, 65], [86, 92], [92, 93], [92, 100], [93, 94], [93, 95], [101, 106], [118, 121], [122, 123], [122, 145], [123, 126], [149, 151], [156, 157]], "missing_branches": [[86, 87], [101, 102], [118, 119], [123, 124], [149, 150], [156, 158]], "functions": {"GitleaksSecretDetector.__init__": {"executed_lines": [29, 30, 31], "summary": {"covered_lines": 3, "num_statements": 3, "percent_covered": 100.0, "percent_covered_display": "100", "missing_lines": 0, "excluded_lines": 0, "percent_statements_covered": 100.0, "percent_statements_covered_display": "100", "num_branches": 0, "num_partial_branches": 0, "covered_branches": 0, "missing_branches": 0, "percent_branches_covered": 100.0, "percent_branches_covered_display": "100"}, "missing_lines": [], "excluded_lines": [], "start_line": 23, "executed_branches": [], "missing_branches": []}, "GitleaksSecretDetector.scan": {"executed_lines": [35, 36, 37, 42, 43, 44, 62, 63, 65, 66, 67, 68, 69, 86, 92, 93, 94, 95, 100, 101, 106], "summary": {"covered_lines": 21, "num_statements": 27, "percent_covered": 79.48717948717949, "percent_covered_display": "79", "missing_lines": 6, "excluded_lines": 0, "percent_statements_covered": 77.77777777777777, "percent_statements_covered_display": "78", "num_branches": 12, "num_partial_branches": 2, "covered_branches": 10, "missing_branches": 2, "percent_branches_covered": 83.33333333333333, "percent_branches_covered_display": "83"}, "missing_lines": [79, 80, 83, 84, 87, 102], "excluded_lines": [], "start_line": 33, "executed_branches": [[36, 37], [36, 42], [62, 63], [62, 65], [86, 92], [92, 93], [92, 100], [93, 94], [93, 95], [101, 106]], "missing_branches": [[86, 87], [101, 102]]}, "GitleaksSecretDetector._parse_report": {"executed_lines": [113, 114, 115, 116, 118, 121, 122, 123, 126, 127, 128, 145], "summary": {"covered_lines": 12, "num_statements": 14, "percent_covered": 80.0, "percent_covered_display": "80", "missing_lines": 2, "excluded_lines": 0, "percent_statements_covered": 85.71428571428571, "percent_statements_covered_display": "86", "num_branches": 6, "num_partial_branches": 2, "covered_branches": 4, "missing_branches": 2, "percent_branches_covered": 66.66666666666667, "percent_branches_covered_display": "67"}, "missing_lines": [119, 124], "excluded_lines": [], "start_line": 108, "executed_branches": [[118, 121], [122, 123], [122, 145], [123, 126]], "missing_branches": [[118, 119], [123, 124]]}, "GitleaksSecretDetector._safe_text": {"executed_lines": [149, 151, 152], "summary": {"covered_lines": 3, "num_statements": 4, "percent_covered": 66.66666666666667, "percent_covered_display": "67", "missing_lines": 1, "excluded_lines": 0, "percent_statements_covered": 75.0, "percent_statements_covered_display": "75", "num_branches": 2, "num_partial_branches": 1, "covered_branches": 1, "missing_branches": 1, "percent_branches_covered": 50.0, "percent_branches_covered_display": "50"}, "missing_lines": [150], "excluded_lines": [], "start_line": 148, "executed_branches": [[149, 151]], "missing_branches": [[149, 150]]}, "GitleaksSecretDetector._safe_line": {"executed_lines": [156, 157], "summary": {"covered_lines": 2, "num_statements": 3, "percent_covered": 60.0, "percent_covered_display": "60", "missing_lines": 1, "excluded_lines": 0, "percent_statements_covered": 66.66666666666667, "percent_statements_covered_display": "67", "num_branches": 2, "num_partial_branches": 1, "covered_branches": 1, "missing_branches": 1, "percent_branches_covered": 50.0, "percent_branches_covered_display": "50"}, "missing_lines": [158], "excluded_lines": [], "start_line": 155, "executed_branches": [[156, 157]], "missing_branches": [[156, 158]]}, "": {"executed_lines": [3, 5, 6, 7, 8, 9, 10, 11, 13, 14, 15, 17, 20, 23, 33, 108, 147, 148, 154, 155], "summary": {"covered_lines": 20, "num_statements": 20, "percent_covered": 100.0, "percent_covered_display": "100", "missing_lines": 0, "excluded_lines": 0, "percent_statements_covered": 100.0, "percent_statements_covered_display": "100", "num_branches": 0, "num_partial_branches": 0, "covered_branches": 0, "missing_branches": 0, "percent_branches_covered": 100.0, "percent_branches_covered_display": "100"}, "missing_lines": [], "excluded_lines": [], "start_line": 1, "executed_branches": [], "missing_branches": []}}, "classes": {"GitleaksSecretDetector": {"executed_lines": [29, 30, 31, 35, 36, 37, 42, 43, 44, 62, 63, 65, 66, 67, 68, 69, 86, 92, 93, 94, 95, 100, 101, 106, 113, 114, 115, 116, 118, 121, 122, 123, 126, 127, 128, 145, 149, 151, 152, 156, 157], "summary": {"covered_lines": 41, "num_statements": 51, "percent_covered": 78.08219178082192, "percent_covered_display": "78", "missing_lines": 10, "excluded_lines": 0, "percent_statements_covered": 80.3921568627451, "percent_statements_covered_display": "80", "num_branches": 22, "num_partial_branches": 6, "covered_branches": 16, "missing_branches": 6, "percent_branches_covered": 72.72727272727273, "percent_branches_covered_display": "73"}, "missing_lines": [79, 80, 83, 84, 87, 102, 119, 124, 150, 158], "excluded_lines": [], "start_line": 20, "executed_branches": [[36, 37], [36, 42], [62, 63], [62, 65], [86, 92], [92, 93], [92, 100], [93, 94], [93, 95], [101, 106], [118, 121], [122, 123], [122, 145], [123, 126], [149, 151], [156, 157]], "missing_branches": [[86, 87], [101, 102], [118, 119], [123, 124], [149, 150], [156, 158]]}, "": {"executed_lines": [3, 5, 6, 7, 8, 9, 10, 11, 13, 14, 15, 17, 20, 23, 33, 108, 147, 148, 154, 155], "summary": {"covered_lines": 20, "num_statements": 20, "percent_covered": 100.0, "percent_covered_display": "100", "missing_lines": 0, "excluded_lines": 0, "percent_statements_covered": 100.0, "percent_statements_covered_display": "100", "num_branches": 0, "num_partial_branches": 0, "covered_branches": 0, "missing_branches": 0, "percent_branches_covered": 100.0, "percent_branches_covered_display": "100"}, "missing_lines": [], "excluded_lines": [], "start_line": 1, "executed_branches": [], "missing_branches": []}}}, "src/skilltrustops/api.py": {"executed_lines": [3, 5, 6, 7, 10, 16, 17, 18, 19], "summary": {"covered_lines": 9, "num_statements": 9, "percent_covered": 100.0, "percent_covered_display": "100", "missing_lines": 0, "excluded_lines": 0, "percent_statements_covered": 100.0, "percent_statements_covered_display": "100", "num_branches": 0, "num_partial_branches": 0, "covered_branches": 0, "missing_branches": 0, "percent_branches_covered": 100.0, "percent_branches_covered_display": "100"}, "missing_lines": [], "excluded_lines": [], "executed_branches": [], "missing_branches": [], "functions": {"scan": {"executed_lines": [16, 17, 18, 19], "summary": {"covered_lines": 4, "num_statements": 4, "percent_covered": 100.0, "percent_covered_display": "100", "missing_lines": 0, "excluded_lines": 0, "percent_statements_covered": 100.0, "percent_statements_covered_display": "100", "num_branches": 0, "num_partial_branches": 0, "covered_branches": 0, "missing_branches": 0, "percent_branches_covered": 100.0, "percent_branches_covered_display": "100"}, "missing_lines": [], "excluded_lines": [], "start_line": 10, "executed_branches": [], "missing_branches": []}, "": {"executed_lines": [3, 5, 6, 7, 10], "summary": {"covered_lines": 5, "num_statements": 5, "percent_covered": 100.0, "percent_covered_display": "100", "missing_lines": 0, "excluded_lines": 0, "percent_statements_covered": 100.0, "percent_statements_covered_display": "100", "num_branches": 0, "num_partial_branches": 0, "covered_branches": 0, "missing_branches": 0, "percent_branches_covered": 100.0, "percent_branches_covered_display": "100"}, "missing_lines": [], "excluded_lines": [], "start_line": 1, "executed_branches": [], "missing_branches": []}}, "classes": {"": {"executed_lines": [3, 5, 6, 7, 10, 16, 17, 18, 19], "summary": {"covered_lines": 9, "num_statements": 9, "percent_covered": 100.0, "percent_covered_display": "100", "missing_lines": 0, "excluded_lines": 0, "percent_statements_covered": 100.0, "percent_statements_covered_display": "100", "num_branches": 0, "num_partial_branches": 0, "covered_branches": 0, "missing_branches": 0, "percent_branches_covered": 100.0, "percent_branches_covered_display": "100"}, "missing_lines": [], "excluded_lines": [], "start_line": 1, "executed_branches": [], "missing_branches": []}}}, "src/skilltrustops/cli.py": {"executed_lines": [3, 4, 5, 6, 7, 9, 10, 11, 12, 14, 15, 16, 17, 22, 23, 24, 29, 30, 31, 32, 38, 39, 44, 45, 46, 47, 48, 50, 55, 56, 57, 58, 61, 64, 67, 68, 71, 72, 73, 74, 77, 78, 79, 80, 83, 84, 85, 86, 89, 90, 91, 94, 95, 142, 143, 147, 148, 177, 178, 179, 184, 189, 190, 191, 194, 195, 197, 198, 201, 202, 233, 234, 249, 250, 251, 255, 257, 258, 260, 261, 263, 265, 266, 269, 270, 285, 286, 287, 288, 289, 290, 292, 293, 297, 301, 302, 303, 306, 307, 322, 323, 324, 326, 329, 330, 331, 337, 340, 341, 391, 392, 393, 395, 397, 402, 403, 408, 414, 415, 457, 461, 462, 477, 482, 483, 484, 485, 486, 487, 490, 491, 506, 507, 508, 514, 515, 519, 522, 523, 527, 530, 531, 532, 535, 539, 540, 542, 543, 544, 547, 548, 549, 550, 553, 555, 556, 559, 560, 561, 562, 563, 564, 565, 571, 574, 575, 580, 581, 585, 586, 604, 605, 606, 607, 608, 609, 610, 611, 612, 613, 620, 621, 626, 630], "summary": {"covered_lines": 184, "num_statements": 255, "percent_covered": 69.08517350157729, "percent_covered_display": "69", "missing_lines": 71, "excluded_lines": 0, "percent_statements_covered": 72.15686274509804, "percent_statements_covered_display": "72", "num_branches": 62, "num_partial_branches": 11, "covered_branches": 35, "missing_branches": 27, "percent_branches_covered": 56.45161290322581, "percent_branches_covered_display": "56"}, "missing_lines": [118, 119, 120, 126, 127, 128, 129, 130, 132, 135, 180, 181, 185, 186, 187, 188, 192, 196, 213, 214, 215, 216, 217, 218, 223, 224, 225, 226, 230, 325, 327, 335, 336, 396, 398, 399, 400, 411, 412, 413, 417, 422, 426, 430, 431, 432, 435, 439, 444, 445, 446, 447, 448, 449, 450, 455, 456, 458, 498, 499, 509, 510, 511, 588, 589, 590, 591, 592, 593, 594, 595], "excluded_lines": [], "executed_branches": [[179, 184], [184, 189], [189, 190], [189, 191], [191, 194], [195, 197], [197, -147], [197, 198], [250, 251], [250, 257], [260, 261], [260, 263], [265, -233], [265, 266], [287, 288], [287, 289], [289, 290], [289, 292], [324, 326], [326, 329], [395, 397], [397, 402], [414, 415], [457, -340], [539, 540], [539, 542], [543, -535], [543, 544], [548, 549], [548, 555], [564, 565], [564, 571], [585, 586], [611, 612], [611, 620]], "missing_branches": [[129, 130], [129, 132], [179, 180], [184, 185], [191, 192], [195, 196], [223, 224], [223, 225], [225, -201], [225, 226], [324, 325], [326, 327], [395, 396], [397, 398], [398, 399], [398, 400], [414, 417], [430, 431], [430, 435], [444, 445], [444, 457], [449, 450], [449, 456], [457, 458], [585, 588], [594, -574], [594, 595]], "functions": {"redteam_init": {"executed_lines": [], "summary": {"covered_lines": 0, "num_statements": 10, "percent_covered": 0.0, "percent_covered_display": "0", "missing_lines": 10, "excluded_lines": 0, "percent_statements_covered": 0.0, "percent_statements_covered_display": "0", "num_branches": 2, "num_partial_branches": 0, "covered_branches": 0, "missing_branches": 2, "percent_branches_covered": 0.0, "percent_branches_covered_display": "0"}, "missing_lines": [118, 119, 120, 126, 127, 128, 129, 130, 132, 135], "excluded_lines": [], "start_line": 95, "executed_branches": [], "missing_branches": [[129, 130], [129, 132]]}, "main": {"executed_lines": [], "summary": {"covered_lines": 0, "num_statements": 0, "percent_covered": 100.0, "percent_covered_display": "100", "missing_lines": 0, "excluded_lines": 0, "percent_statements_covered": 100.0, "percent_statements_covered_display": "100", "num_branches": 0, "num_partial_branches": 0, "covered_branches": 0, "missing_branches": 0, "percent_branches_covered": 100.0, "percent_branches_covered_display": "100"}, "missing_lines": [], "excluded_lines": [], "start_line": 143, "executed_branches": [], "missing_branches": []}, "scan_command": {"executed_lines": [177, 178, 179, 184, 189, 190, 191, 194, 195, 197, 198], "summary": {"covered_lines": 11, "num_statements": 19, "percent_covered": 61.29032258064516, "percent_covered_display": "61", "missing_lines": 8, "excluded_lines": 0, "percent_statements_covered": 57.89473684210526, "percent_statements_covered_display": "58", "num_branches": 12, "num_partial_branches": 4, "covered_branches": 8, "missing_branches": 4, "percent_branches_covered": 66.66666666666667, "percent_branches_covered_display": "67"}, "missing_lines": [180, 181, 185, 186, 187, 188, 192, 196], "excluded_lines": [], "start_line": 148, "executed_branches": [[179, 184], [184, 189], [189, 190], [189, 191], [191, 194], [195, 197], [197, -147], [197, 198]], "missing_branches": [[179, 180], [184, 185], [191, 192], [195, 196]]}, "hook_command": {"executed_lines": [], "summary": {"covered_lines": 0, "num_statements": 11, "percent_covered": 0.0, "percent_covered_display": "0", "missing_lines": 11, "excluded_lines": 0, "percent_statements_covered": 0.0, "percent_statements_covered_display": "0", "num_branches": 4, "num_partial_branches": 0, "covered_branches": 0, "missing_branches": 4, "percent_branches_covered": 0.0, "percent_branches_covered_display": "0"}, "missing_lines": [213, 214, 215, 216, 217, 218, 223, 224, 225, 226, 230], "excluded_lines": [], "start_line": 202, "executed_branches": [], "missing_branches": [[223, 224], [223, 225], [225, -201], [225, 226]]}, "lint": {"executed_lines": [249, 250, 251, 255, 257, 258, 260, 261, 263, 265, 266], "summary": {"covered_lines": 11, "num_statements": 11, "percent_covered": 100.0, "percent_covered_display": "100", "missing_lines": 0, "excluded_lines": 0, "percent_statements_covered": 100.0, "percent_statements_covered_display": "100", "num_branches": 6, "num_partial_branches": 0, "covered_branches": 6, "missing_branches": 0, "percent_branches_covered": 100.0, "percent_branches_covered_display": "100"}, "missing_lines": [], "excluded_lines": [], "start_line": 234, "executed_branches": [[250, 251], [250, 257], [260, 261], [260, 263], [265, -233], [265, 266]], "missing_branches": []}, "security": {"executed_lines": [285, 286, 287, 288, 289, 290, 292, 293, 297, 301, 302, 303], "summary": {"covered_lines": 12, "num_statements": 12, "percent_covered": 100.0, "percent_covered_display": "100", "missing_lines": 0, "excluded_lines": 0, "percent_statements_covered": 100.0, "percent_statements_covered_display": "100", "num_branches": 4, "num_partial_branches": 0, "covered_branches": 4, "missing_branches": 0, "percent_branches_covered": 100.0, "percent_branches_covered_display": "100"}, "missing_lines": [], "excluded_lines": [], "start_line": 270, "executed_branches": [[287, 288], [287, 289], [289, 290], [289, 292]], "missing_branches": []}, "privacy": {"executed_lines": [322, 323, 324, 326, 329, 330, 331, 337], "summary": {"covered_lines": 8, "num_statements": 12, "percent_covered": 62.5, "percent_covered_display": "62", "missing_lines": 4, "excluded_lines": 0, "percent_statements_covered": 66.66666666666667, "percent_statements_covered_display": "67", "num_branches": 4, "num_partial_branches": 2, "covered_branches": 2, "missing_branches": 2, "percent_branches_covered": 50.0, "percent_branches_covered_display": "50"}, "missing_lines": [325, 327, 335, 336], "excluded_lines": [], "start_line": 307, "executed_branches": [[324, 326], [326, 329]], "missing_branches": [[324, 325], [326, 327]]}, "redteam_run": {"executed_lines": [391, 392, 393, 395, 397, 402, 403, 408, 414, 415, 457], "summary": {"covered_lines": 11, "num_statements": 36, "percent_covered": 28.846153846153847, "percent_covered_display": "29", "missing_lines": 25, "excluded_lines": 0, "percent_statements_covered": 30.555555555555557, "percent_statements_covered_display": "31", "num_branches": 16, "num_partial_branches": 4, "covered_branches": 4, "missing_branches": 12, "percent_branches_covered": 25.0, "percent_branches_covered_display": "25"}, "missing_lines": [396, 398, 399, 400, 411, 412, 413, 417, 422, 426, 430, 431, 432, 435, 439, 444, 445, 446, 447, 448, 449, 450, 455, 456, 458], "excluded_lines": [], "start_line": 341, "executed_branches": [[395, 397], [397, 402], [414, 415], [457, -340]], "missing_branches": [[395, 396], [397, 398], [398, 399], [398, 400], [414, 417], [430, 431], [430, 435], [444, 445], [444, 457], [449, 450], [449, 456], [457, 458]]}, "policy_init": {"executed_lines": [477, 482, 483, 484, 485, 486, 487], "summary": {"covered_lines": 7, "num_statements": 7, "percent_covered": 100.0, "percent_covered_display": "100", "missing_lines": 0, "excluded_lines": 0, "percent_statements_covered": 100.0, "percent_statements_covered_display": "100", "num_branches": 0, "num_partial_branches": 0, "covered_branches": 0, "missing_branches": 0, "percent_branches_covered": 100.0, "percent_branches_covered_display": "100"}, "missing_lines": [], "excluded_lines": [], "start_line": 462, "executed_branches": [], "missing_branches": []}, "policy_validate": {"executed_lines": [], "summary": {"covered_lines": 0, "num_statements": 2, "percent_covered": 0.0, "percent_covered_display": "0", "missing_lines": 2, "excluded_lines": 0, "percent_statements_covered": 0.0, "percent_statements_covered_display": "0", "num_branches": 0, "num_partial_branches": 0, "covered_branches": 0, "missing_branches": 0, "percent_branches_covered": 100.0, "percent_branches_covered_display": "100"}, "missing_lines": [498, 499], "excluded_lines": [], "start_line": 491, "executed_branches": [], "missing_branches": []}, "_load_policy": {"executed_lines": [507, 508], "summary": {"covered_lines": 2, "num_statements": 5, "percent_covered": 40.0, "percent_covered_display": "40", "missing_lines": 3, "excluded_lines": 0, "percent_statements_covered": 40.0, "percent_statements_covered_display": "40", "num_branches": 0, "num_partial_branches": 0, "covered_branches": 0, "missing_branches": 0, "percent_branches_covered": 100.0, "percent_branches_covered_display": "100"}, "missing_lines": [509, 510, 511], "excluded_lines": [], "start_line": 506, "executed_branches": [], "missing_branches": []}, "_policy_command_error": {"executed_lines": [515, 519], "summary": {"covered_lines": 2, "num_statements": 2, "percent_covered": 100.0, "percent_covered_display": "100", "missing_lines": 0, "excluded_lines": 0, "percent_statements_covered": 100.0, "percent_statements_covered_display": "100", "num_branches": 0, "num_partial_branches": 0, "covered_branches": 0, "missing_branches": 0, "percent_branches_covered": 100.0, "percent_branches_covered_display": "100"}, "missing_lines": [], "excluded_lines": [], "start_line": 514, "executed_branches": [], "missing_branches": []}, "_disabled_check_error": {"executed_lines": [523, 527], "summary": {"covered_lines": 2, "num_statements": 2, "percent_covered": 100.0, "percent_covered_display": "100", "missing_lines": 0, "excluded_lines": 0, "percent_statements_covered": 100.0, "percent_statements_covered_display": "100", "num_branches": 0, "num_partial_branches": 0, "covered_branches": 0, "missing_branches": 0, "percent_branches_covered": 100.0, "percent_branches_covered_display": "100"}, "missing_lines": [], "excluded_lines": [], "start_line": 522, "executed_branches": [], "missing_branches": []}, "_scanner_error": {"executed_lines": [531, 532], "summary": {"covered_lines": 2, "num_statements": 2, "percent_covered": 100.0, "percent_covered_display": "100", "missing_lines": 0, "excluded_lines": 0, "percent_statements_covered": 100.0, "percent_statements_covered_display": "100", "num_branches": 0, "num_partial_branches": 0, "covered_branches": 0, "missing_branches": 0, "percent_branches_covered": 100.0, "percent_branches_covered_display": "100"}, "missing_lines": [], "excluded_lines": [], "start_line": 530, "executed_branches": [], "missing_branches": []}, "_output_static_report": {"executed_lines": [539, 540, 542, 543, 544], "summary": {"covered_lines": 5, "num_statements": 5, "percent_covered": 100.0, "percent_covered_display": "100", "missing_lines": 0, "excluded_lines": 0, "percent_statements_covered": 100.0, "percent_statements_covered_display": "100", "num_branches": 4, "num_partial_branches": 0, "covered_branches": 4, "missing_branches": 0, "percent_branches_covered": 100.0, "percent_branches_covered_display": "100"}, "missing_lines": [], "excluded_lines": [], "start_line": 535, "executed_branches": [[539, 540], [539, 542], [543, -535], [543, 544]], "missing_branches": []}, "_render_terminal": {"executed_lines": [548, 549, 550, 553, 555, 556, 559, 560, 561, 562, 563, 564, 565, 571], "summary": {"covered_lines": 14, "num_statements": 14, "percent_covered": 100.0, "percent_covered_display": "100", "missing_lines": 0, "excluded_lines": 0, "percent_statements_covered": 100.0, "percent_statements_covered_display": "100", "num_branches": 4, "num_partial_branches": 0, "covered_branches": 4, "missing_branches": 0, "percent_branches_covered": 100.0, "percent_branches_covered_display": "100"}, "missing_lines": [], "excluded_lines": [], "start_line": 547, "executed_branches": [[548, 549], [548, 555], [564, 565], [564, 571]], "missing_branches": []}, "_render_static_report": {"executed_lines": [575, 580, 581, 585, 586], "summary": {"covered_lines": 5, "num_statements": 13, "percent_covered": 35.294117647058826, "percent_covered_display": "35", "missing_lines": 8, "excluded_lines": 0, "percent_statements_covered": 38.46153846153846, "percent_statements_covered_display": "38", "num_branches": 4, "num_partial_branches": 1, "covered_branches": 1, "missing_branches": 3, "percent_branches_covered": 25.0, "percent_branches_covered_display": "25"}, "missing_lines": [588, 589, 590, 591, 592, 593, 594, 595], "excluded_lines": [], "start_line": 574, "executed_branches": [[585, 586]], "missing_branches": [[585, 588], [594, -574], [594, 595]]}, "_render_batch_report": {"executed_lines": [605, 606, 607, 608, 609, 610, 611, 612, 613, 620, 621, 626, 630], "summary": {"covered_lines": 13, "num_statements": 13, "percent_covered": 100.0, "percent_covered_display": "100", "missing_lines": 0, "excluded_lines": 0, "percent_statements_covered": 100.0, "percent_statements_covered_display": "100", "num_branches": 2, "num_partial_branches": 0, "covered_branches": 2, "missing_branches": 0, "percent_branches_covered": 100.0, "percent_branches_covered_display": "100"}, "missing_lines": [], "excluded_lines": [], "start_line": 604, "executed_branches": [[611, 612], [611, 620]], "missing_branches": []}, "": {"executed_lines": [3, 4, 5, 6, 7, 9, 10, 11, 12, 14, 15, 16, 17, 22, 23, 24, 29, 30, 31, 32, 38, 39, 44, 45, 46, 47, 48, 50, 55, 56, 57, 58, 61, 64, 67, 68, 71, 72, 73, 74, 77, 78, 79, 80, 83, 84, 85, 86, 89, 90, 91, 94, 95, 142, 143, 147, 148, 201, 202, 233, 234, 269, 270, 306, 307, 340, 341, 461, 462, 490, 491, 506, 514, 522, 530, 535, 547, 574, 604], "summary": {"covered_lines": 79, "num_statements": 79, "percent_covered": 100.0, "percent_covered_display": "100", "missing_lines": 0, "excluded_lines": 0, "percent_statements_covered": 100.0, "percent_statements_covered_display": "100", "num_branches": 0, "num_partial_branches": 0, "covered_branches": 0, "missing_branches": 0, "percent_branches_covered": 100.0, "percent_branches_covered_display": "100"}, "missing_lines": [], "excluded_lines": [], "start_line": 1, "executed_branches": [], "missing_branches": []}}, "classes": {"OutputFormat": {"executed_lines": [], "summary": {"covered_lines": 0, "num_statements": 0, "percent_covered": 100.0, "percent_covered_display": "100", "missing_lines": 0, "excluded_lines": 0, "percent_statements_covered": 100.0, "percent_statements_covered_display": "100", "num_branches": 0, "num_partial_branches": 0, "covered_branches": 0, "missing_branches": 0, "percent_branches_covered": 100.0, "percent_branches_covered_display": "100"}, "missing_lines": [], "excluded_lines": [], "start_line": 64, "executed_branches": [], "missing_branches": []}, "BatchOutputFormat": {"executed_lines": [], "summary": {"covered_lines": 0, "num_statements": 0, "percent_covered": 100.0, "percent_covered_display": "100", "missing_lines": 0, "excluded_lines": 0, "percent_statements_covered": 100.0, "percent_statements_covered_display": "100", "num_branches": 0, "num_partial_branches": 0, "covered_branches": 0, "missing_branches": 0, "percent_branches_covered": 100.0, "percent_branches_covered_display": "100"}, "missing_lines": [], "excluded_lines": [], "start_line": 71, "executed_branches": [], "missing_branches": []}, "ModelProvider": {"executed_lines": [], "summary": {"covered_lines": 0, "num_statements": 0, "percent_covered": 100.0, "percent_covered_display": "100", "missing_lines": 0, "excluded_lines": 0, "percent_statements_covered": 100.0, "percent_statements_covered_display": "100", "num_branches": 0, "num_partial_branches": 0, "covered_branches": 0, "missing_branches": 0, "percent_branches_covered": 100.0, "percent_branches_covered_display": "100"}, "missing_lines": [], "excluded_lines": [], "start_line": 77, "executed_branches": [], "missing_branches": []}, "SandboxProviderName": {"executed_lines": [], "summary": {"covered_lines": 0, "num_statements": 0, "percent_covered": 100.0, "percent_covered_display": "100", "missing_lines": 0, "excluded_lines": 0, "percent_statements_covered": 100.0, "percent_statements_covered_display": "100", "num_branches": 0, "num_partial_branches": 0, "covered_branches": 0, "missing_branches": 0, "percent_branches_covered": 100.0, "percent_branches_covered_display": "100"}, "missing_lines": [], "excluded_lines": [], "start_line": 83, "executed_branches": [], "missing_branches": []}, "ManifestGenerationProvider": {"executed_lines": [], "summary": {"covered_lines": 0, "num_statements": 0, "percent_covered": 100.0, "percent_covered_display": "100", "missing_lines": 0, "excluded_lines": 0, "percent_statements_covered": 100.0, "percent_statements_covered_display": "100", "num_branches": 0, "num_partial_branches": 0, "covered_branches": 0, "missing_branches": 0, "percent_branches_covered": 100.0, "percent_branches_covered_display": "100"}, "missing_lines": [], "excluded_lines": [], "start_line": 89, "executed_branches": [], "missing_branches": []}, "": {"executed_lines": [3, 4, 5, 6, 7, 9, 10, 11, 12, 14, 15, 16, 17, 22, 23, 24, 29, 30, 31, 32, 38, 39, 44, 45, 46, 47, 48, 50, 55, 56, 57, 58, 61, 64, 67, 68, 71, 72, 73, 74, 77, 78, 79, 80, 83, 84, 85, 86, 89, 90, 91, 94, 95, 142, 143, 147, 148, 177, 178, 179, 184, 189, 190, 191, 194, 195, 197, 198, 201, 202, 233, 234, 249, 250, 251, 255, 257, 258, 260, 261, 263, 265, 266, 269, 270, 285, 286, 287, 288, 289, 290, 292, 293, 297, 301, 302, 303, 306, 307, 322, 323, 324, 326, 329, 330, 331, 337, 340, 341, 391, 392, 393, 395, 397, 402, 403, 408, 414, 415, 457, 461, 462, 477, 482, 483, 484, 485, 486, 487, 490, 491, 506, 507, 508, 514, 515, 519, 522, 523, 527, 530, 531, 532, 535, 539, 540, 542, 543, 544, 547, 548, 549, 550, 553, 555, 556, 559, 560, 561, 562, 563, 564, 565, 571, 574, 575, 580, 581, 585, 586, 604, 605, 606, 607, 608, 609, 610, 611, 612, 613, 620, 621, 626, 630], "summary": {"covered_lines": 184, "num_statements": 255, "percent_covered": 69.08517350157729, "percent_covered_display": "69", "missing_lines": 71, "excluded_lines": 0, "percent_statements_covered": 72.15686274509804, "percent_statements_covered_display": "72", "num_branches": 62, "num_partial_branches": 11, "covered_branches": 35, "missing_branches": 27, "percent_branches_covered": 56.45161290322581, "percent_branches_covered_display": "56"}, "missing_lines": [118, 119, 120, 126, 127, 128, 129, 130, 132, 135, 180, 181, 185, 186, 187, 188, 192, 196, 213, 214, 215, 216, 217, 218, 223, 224, 225, 226, 230, 325, 327, 335, 336, 396, 398, 399, 400, 411, 412, 413, 417, 422, 426, 430, 431, 432, 435, 439, 444, 445, 446, 447, 448, 449, 450, 455, 456, 458, 498, 499, 509, 510, 511, 588, 589, 590, 591, 592, 593, 594, 595], "excluded_lines": [], "start_line": 1, "executed_branches": [[179, 184], [184, 189], [189, 190], [189, 191], [191, 194], [195, 197], [197, -147], [197, 198], [250, 251], [250, 257], [260, 261], [260, 263], [265, -233], [265, 266], [287, 288], [287, 289], [289, 290], [289, 292], [324, 326], [326, 329], [395, 397], [397, 402], [414, 415], [457, -340], [539, 540], [539, 542], [543, -535], [543, 544], [548, 549], [548, 555], [564, 565], [564, 571], [585, 586], [611, 612], [611, 620]], "missing_branches": [[129, 130], [129, 132], [179, 180], [184, 185], [191, 192], [195, 196], [223, 224], [223, 225], [225, -201], [225, 226], [324, 325], [326, 327], [395, 396], [397, 398], [398, 399], [398, 400], [414, 417], [430, 431], [430, 435], [444, 445], [444, 457], [449, 450], [449, 456], [457, 458], [585, 588], [594, -574], [594, 595]]}}}, "src/skilltrustops/detectors/__init__.py": {"executed_lines": [], "summary": {"covered_lines": 0, "num_statements": 0, "percent_covered": 100.0, "percent_covered_display": "100", "missing_lines": 0, "excluded_lines": 0, "percent_statements_covered": 100.0, "percent_statements_covered_display": "100", "num_branches": 0, "num_partial_branches": 0, "covered_branches": 0, "missing_branches": 0, "percent_branches_covered": 100.0, "percent_branches_covered_display": "100"}, "missing_lines": [], "excluded_lines": [], "executed_branches": [], "missing_branches": [], "functions": {"": {"executed_lines": [], "summary": {"covered_lines": 0, "num_statements": 0, "percent_covered": 100.0, "percent_covered_display": "100", "missing_lines": 0, "excluded_lines": 0, "percent_statements_covered": 100.0, "percent_statements_covered_display": "100", "num_branches": 0, "num_partial_branches": 0, "covered_branches": 0, "missing_branches": 0, "percent_branches_covered": 100.0, "percent_branches_covered_display": "100"}, "missing_lines": [], "excluded_lines": [], "start_line": 1, "executed_branches": [], "missing_branches": []}}, "classes": {"": {"executed_lines": [], "summary": {"covered_lines": 0, "num_statements": 0, "percent_covered": 100.0, "percent_covered_display": "100", "missing_lines": 0, "excluded_lines": 0, "percent_statements_covered": 100.0, "percent_statements_covered_display": "100", "num_branches": 0, "num_partial_branches": 0, "covered_branches": 0, "missing_branches": 0, "percent_branches_covered": 100.0, "percent_branches_covered_display": "100"}, "missing_lines": [], "excluded_lines": [], "start_line": 1, "executed_branches": [], "missing_branches": []}}}, "src/skilltrustops/detectors/common.py": {"executed_lines": [4, 6], "summary": {"covered_lines": 2, "num_statements": 2, "percent_covered": 100.0, "percent_covered_display": "100", "missing_lines": 0, "excluded_lines": 0, "percent_statements_covered": 100.0, "percent_statements_covered_display": "100", "num_branches": 0, "num_partial_branches": 0, "covered_branches": 0, "missing_branches": 0, "percent_branches_covered": 100.0, "percent_branches_covered_display": "100"}, "missing_lines": [], "excluded_lines": [], "executed_branches": [], "missing_branches": [], "functions": {"line_number": {"executed_lines": [6], "summary": {"covered_lines": 1, "num_statements": 1, "percent_covered": 100.0, "percent_covered_display": "100", "missing_lines": 0, "excluded_lines": 0, "percent_statements_covered": 100.0, "percent_statements_covered_display": "100", "num_branches": 0, "num_partial_branches": 0, "covered_branches": 0, "missing_branches": 0, "percent_branches_covered": 100.0, "percent_branches_covered_display": "100"}, "missing_lines": [], "excluded_lines": [], "start_line": 4, "executed_branches": [], "missing_branches": []}, "": {"executed_lines": [4], "summary": {"covered_lines": 1, "num_statements": 1, "percent_covered": 100.0, "percent_covered_display": "100", "missing_lines": 0, "excluded_lines": 0, "percent_statements_covered": 100.0, "percent_statements_covered_display": "100", "num_branches": 0, "num_partial_branches": 0, "covered_branches": 0, "missing_branches": 0, "percent_branches_covered": 100.0, "percent_branches_covered_display": "100"}, "missing_lines": [], "excluded_lines": [], "start_line": 1, "executed_branches": [], "missing_branches": []}}, "classes": {"": {"executed_lines": [4, 6], "summary": {"covered_lines": 2, "num_statements": 2, "percent_covered": 100.0, "percent_covered_display": "100", "missing_lines": 0, "excluded_lines": 0, "percent_statements_covered": 100.0, "percent_statements_covered_display": "100", "num_branches": 0, "num_partial_branches": 0, "covered_branches": 0, "missing_branches": 0, "percent_branches_covered": 100.0, "percent_branches_covered_display": "100"}, "missing_lines": [], "excluded_lines": [], "start_line": 1, "executed_branches": [], "missing_branches": []}}}, "src/skilltrustops/detectors/dangerous_code.py": {"executed_lines": [3, 4, 6, 7, 8, 9, 11, 12, 13, 14, 19, 22, 23, 25, 27, 28, 30, 31, 32, 33, 34, 37, 38, 39, 40, 41, 42, 43, 44, 47, 52, 53, 71, 72, 73, 74, 83, 84, 85, 86, 103, 104, 105, 106, 123, 125, 126, 127, 128, 129, 130, 133, 134, 135, 142, 143, 148], "summary": {"covered_lines": 57, "num_statements": 61, "percent_covered": 91.01123595505618, "percent_covered_display": "91", "missing_lines": 4, "excluded_lines": 0, "percent_statements_covered": 93.44262295081967, "percent_statements_covered_display": "93", "num_branches": 28, "num_partial_branches": 4, "covered_branches": 24, "missing_branches": 4, "percent_branches_covered": 85.71428571428571, "percent_branches_covered_display": "86"}, "missing_lines": [35, 36, 75, 131], "excluded_lines": [], "executed_branches": [[30, 31], [30, 71], [37, 30], [37, 38], [38, 39], [38, 40], [42, 43], [42, 47], [52, 37], [52, 53], [71, 72], [71, 83], [72, 73], [72, 83], [74, 72], [83, 84], [84, 85], [84, 103], [103, 104], [104, 105], [104, 123], [127, 128], [127, 129], [129, 130]], "missing_branches": [[74, 75], [83, 103], [103, 123], [129, 131]], "functions": {"AstDangerousCodeDetector.__init__": {"executed_lines": [23], "summary": {"covered_lines": 1, "num_statements": 1, "percent_covered": 100.0, "percent_covered_display": "100", "missing_lines": 0, "excluded_lines": 0, "percent_statements_covered": 100.0, "percent_statements_covered_display": "100", "num_branches": 0, "num_partial_branches": 0, "covered_branches": 0, "missing_branches": 0, "percent_branches_covered": 100.0, "percent_branches_covered_display": "100"}, "missing_lines": [], "excluded_lines": [], "start_line": 22, "executed_branches": [], "missing_branches": []}, "AstDangerousCodeDetector.scan": {"executed_lines": [27, 28, 30, 31, 32, 33, 34, 37, 38, 39, 40, 41, 42, 43, 44, 47, 52, 53, 71, 72, 73, 74, 83, 84, 85, 86, 103, 104, 105, 106, 123], "summary": {"covered_lines": 31, "num_statements": 34, "percent_covered": 89.65517241379311, "percent_covered_display": "90", "missing_lines": 3, "excluded_lines": 0, "percent_statements_covered": 91.17647058823529, "percent_statements_covered_display": "91", "num_branches": 24, "num_partial_branches": 3, "covered_branches": 21, "missing_branches": 3, "percent_branches_covered": 87.5, "percent_branches_covered_display": "88"}, "missing_lines": [35, 36, 75], "excluded_lines": [], "start_line": 25, "executed_branches": [[30, 31], [30, 71], [37, 30], [37, 38], [38, 39], [38, 40], [42, 43], [42, 47], [52, 37], [52, 53], [71, 72], [71, 83], [72, 73], [72, 83], [74, 72], [83, 84], [84, 85], [84, 103], [103, 104], [104, 105], [104, 123]], "missing_branches": [[74, 75], [83, 103], [103, 123]]}, "AstDangerousCodeDetector._call_name": {"executed_lines": [127, 128, 129, 130], "summary": {"covered_lines": 4, "num_statements": 5, "percent_covered": 77.77777777777777, "percent_covered_display": "78", "missing_lines": 1, "excluded_lines": 0, "percent_statements_covered": 80.0, "percent_statements_covered_display": "80", "num_branches": 4, "num_partial_branches": 1, "covered_branches": 3, "missing_branches": 1, "percent_branches_covered": 75.0, "percent_branches_covered_display": "75"}, "missing_lines": [131], "excluded_lines": [], "start_line": 126, "executed_branches": [[127, 128], [127, 129], [129, 130]], "missing_branches": [[129, 131]]}, "AstDangerousCodeDetector._uses_shell_true": {"executed_lines": [135], "summary": {"covered_lines": 1, "num_statements": 1, "percent_covered": 100.0, "percent_covered_display": "100", "missing_lines": 0, "excluded_lines": 0, "percent_statements_covered": 100.0, "percent_statements_covered_display": "100", "num_branches": 0, "num_partial_branches": 0, "covered_branches": 0, "missing_branches": 0, "percent_branches_covered": 100.0, "percent_branches_covered_display": "100"}, "missing_lines": [], "excluded_lines": [], "start_line": 134, "executed_branches": [], "missing_branches": []}, "AstDangerousCodeDetector._eval_finding": {"executed_lines": [148], "summary": {"covered_lines": 1, "num_statements": 1, "percent_covered": 100.0, "percent_covered_display": "100", "missing_lines": 0, "excluded_lines": 0, "percent_statements_covered": 100.0, "percent_statements_covered_display": "100", "num_branches": 0, "num_partial_branches": 0, "covered_branches": 0, "missing_branches": 0, "percent_branches_covered": 100.0, "percent_branches_covered_display": "100"}, "missing_lines": [], "excluded_lines": [], "start_line": 143, "executed_branches": [], "missing_branches": []}, "": {"executed_lines": [3, 4, 6, 7, 8, 9, 11, 12, 13, 14, 19, 22, 25, 125, 126, 133, 134, 142, 143], "summary": {"covered_lines": 19, "num_statements": 19, "percent_covered": 100.0, "percent_covered_display": "100", "missing_lines": 0, "excluded_lines": 0, "percent_statements_covered": 100.0, "percent_statements_covered_display": "100", "num_branches": 0, "num_partial_branches": 0, "covered_branches": 0, "missing_branches": 0, "percent_branches_covered": 100.0, "percent_branches_covered_display": "100"}, "missing_lines": [], "excluded_lines": [], "start_line": 1, "executed_branches": [], "missing_branches": []}}, "classes": {"AstDangerousCodeDetector": {"executed_lines": [23, 27, 28, 30, 31, 32, 33, 34, 37, 38, 39, 40, 41, 42, 43, 44, 47, 52, 53, 71, 72, 73, 74, 83, 84, 85, 86, 103, 104, 105, 106, 123, 127, 128, 129, 130, 135, 148], "summary": {"covered_lines": 38, "num_statements": 42, "percent_covered": 88.57142857142857, "percent_covered_display": "89", "missing_lines": 4, "excluded_lines": 0, "percent_statements_covered": 90.47619047619048, "percent_statements_covered_display": "90", "num_branches": 28, "num_partial_branches": 4, "covered_branches": 24, "missing_branches": 4, "percent_branches_covered": 85.71428571428571, "percent_branches_covered_display": "86"}, "missing_lines": [35, 36, 75, 131], "excluded_lines": [], "start_line": 19, "executed_branches": [[30, 31], [30, 71], [37, 30], [37, 38], [38, 39], [38, 40], [42, 43], [42, 47], [52, 37], [52, 53], [71, 72], [71, 83], [72, 73], [72, 83], [74, 72], [83, 84], [84, 85], [84, 103], [103, 104], [104, 105], [104, 123], [127, 128], [127, 129], [129, 130]], "missing_branches": [[74, 75], [83, 103], [103, 123], [129, 131]]}, "": {"executed_lines": [3, 4, 6, 7, 8, 9, 11, 12, 13, 14, 19, 22, 25, 125, 126, 133, 134, 142, 143], "summary": {"covered_lines": 19, "num_statements": 19, "percent_covered": 100.0, "percent_covered_display": "100", "missing_lines": 0, "excluded_lines": 0, "percent_statements_covered": 100.0, "percent_statements_covered_display": "100", "num_branches": 0, "num_partial_branches": 0, "covered_branches": 0, "missing_branches": 0, "percent_branches_covered": 100.0, "percent_branches_covered_display": "100"}, "missing_lines": [], "excluded_lines": [], "start_line": 1, "executed_branches": [], "missing_branches": []}}}, "src/skilltrustops/detectors/package.py": {"executed_lines": [3, 5, 6, 7, 8, 9, 10, 11, 13, 14, 15, 16, 18, 19, 20, 21, 22, 24, 37, 63, 65, 158, 161, 162, 163, 164, 165, 166, 167, 168, 169, 170, 171, 174, 175, 176, 177, 178, 179, 180, 181, 182, 183, 196, 208, 209, 210, 225, 226, 227, 228, 229, 230, 234, 235, 236, 239, 240, 241, 242, 243, 244, 245, 246, 256, 258, 259, 261, 262, 263, 265, 268, 269, 288, 289, 290, 291, 298, 308, 310, 311, 312, 313, 318, 321, 322, 323, 324, 325, 335, 336, 346, 348, 349, 350, 351, 356, 357, 358, 359, 360, 361, 379, 380, 391, 392, 393, 394, 404, 405, 407, 408, 417, 418, 419, 421, 422, 430, 439, 440, 441, 442, 443, 444, 445, 446, 447, 448, 451, 454, 455, 458, 461, 462, 464, 465, 466, 467, 468, 469, 470, 471, 476, 477, 478, 479, 480, 481, 484, 485, 486, 488, 493, 494, 495, 498, 499, 502, 503, 504, 505, 508, 509], "summary": {"covered_lines": 163, "num_statements": 194, "percent_covered": 80.59701492537313, "percent_covered_display": "81", "missing_lines": 31, "excluded_lines": 0, "percent_statements_covered": 84.02061855670104, "percent_statements_covered_display": "84", "num_branches": 74, "num_partial_branches": 13, "covered_branches": 53, "missing_branches": 21, "percent_branches_covered": 71.62162162162163, "percent_branches_covered_display": "72"}, "missing_lines": [172, 184, 185, 195, 197, 207, 211, 237, 238, 270, 271, 272, 273, 274, 275, 276, 277, 278, 369, 370, 371, 376, 377, 378, 381, 482, 483, 487, 496, 497, 507], "excluded_lines": [], "executed_branches": [[166, 167], [166, 225], [169, 170], [169, 175], [171, 174], [176, 166], [176, 177], [178, 179], [178, 181], [196, 208], [210, 176], [226, 227], [226, 258], [228, 229], [228, 230], [230, 234], [230, 235], [241, 242], [241, 256], [242, 243], [242, 244], [244, 241], [244, 245], [269, 288], [288, 289], [288, 308], [289, 290], [289, 308], [291, 298], [318, 321], [318, 346], [323, 324], [323, 335], [335, 336], [359, 360], [380, 391], [391, 392], [393, 394], [443, 444], [443, 448], [445, 446], [469, 470], [469, 509], [476, 469], [476, 477], [478, 479], [478, 480], [486, 488], [488, 493], [488, 494], [499, 476], [499, 502], [503, 504]], "missing_branches": [[171, 172], [196, 197], [210, 211], [269, 270], [275, 276], [275, 288], [276, 277], [276, 288], [277, 276], [277, 278], [291, 289], [335, 318], [359, 369], [369, 370], [369, 376], [380, 381], [391, 405], [393, 391], [445, 443], [486, 487], [503, 507]], "functions": {"PackageSecurityScanner.scan": {"executed_lines": [162, 163, 164, 165, 166, 167, 168, 169, 170, 171, 174, 175, 176, 177, 178, 179, 180, 181, 182, 183, 196, 208, 209, 210, 225, 226, 227, 228, 229, 230, 234, 235, 236, 239, 240, 241, 242, 243, 244, 245, 246, 256, 258, 259], "summary": {"covered_lines": 44, "num_statements": 53, "percent_covered": 84.81012658227849, "percent_covered_display": "85", "missing_lines": 9, "excluded_lines": 0, "percent_statements_covered": 83.01886792452831, "percent_statements_covered_display": "83", "num_branches": 26, "num_partial_branches": 3, "covered_branches": 23, "missing_branches": 3, "percent_branches_covered": 88.46153846153847, "percent_branches_covered_display": "88"}, "missing_lines": [172, 184, 185, 195, 197, 207, 211, 237, 238], "excluded_lines": [], "start_line": 161, "executed_branches": [[166, 167], [166, 225], [169, 170], [169, 175], [171, 174], [176, 166], [176, 177], [178, 179], [178, 181], [196, 208], [210, 176], [226, 227], [226, 258], [228, 229], [228, 230], [230, 234], [230, 235], [241, 242], [241, 256], [242, 243], [242, 244], [244, 241], [244, 245]], "missing_branches": [[171, 172], [196, 197], [210, 211]]}, "PackageSecurityScanner._is_text_candidate": {"executed_lines": [263], "summary": {"covered_lines": 1, "num_statements": 1, "percent_covered": 100.0, "percent_covered_display": "100", "missing_lines": 0, "excluded_lines": 0, "percent_statements_covered": 100.0, "percent_statements_covered_display": "100", "num_branches": 0, "num_partial_branches": 0, "covered_branches": 0, "missing_branches": 0, "percent_branches_covered": 100.0, "percent_branches_covered_display": "100"}, "missing_lines": [], "excluded_lines": [], "start_line": 262, "executed_branches": [], "missing_branches": []}, "PackageSecurityScanner._manifest_findings": {"executed_lines": [268, 269, 288, 289, 290, 291, 298, 308], "summary": {"covered_lines": 8, "num_statements": 17, "percent_covered": 45.16129032258065, "percent_covered_display": "45", "missing_lines": 9, "excluded_lines": 0, "percent_statements_covered": 47.05882352941177, "percent_statements_covered_display": "47", "num_branches": 14, "num_partial_branches": 2, "covered_branches": 6, "missing_branches": 8, "percent_branches_covered": 42.857142857142854, "percent_branches_covered_display": "43"}, "missing_lines": [270, 271, 272, 273, 274, 275, 276, 277, 278], "excluded_lines": [], "start_line": 265, "executed_branches": [[269, 288], [288, 289], [288, 308], [289, 290], [289, 308], [291, 298]], "missing_branches": [[269, 270], [275, 276], [275, 288], [276, 277], [276, 288], [277, 276], [277, 278], [291, 289]]}, "PackageSecurityScanner._cross_file_findings": {"executed_lines": [311, 312, 313, 318, 321, 322, 323, 324, 325, 335, 336, 346], "summary": {"covered_lines": 12, "num_statements": 12, "percent_covered": 94.44444444444444, "percent_covered_display": "94", "missing_lines": 0, "excluded_lines": 0, "percent_statements_covered": 100.0, "percent_statements_covered_display": "100", "num_branches": 6, "num_partial_branches": 1, "covered_branches": 5, "missing_branches": 1, "percent_branches_covered": 83.33333333333333, "percent_branches_covered_display": "83"}, "missing_lines": [], "excluded_lines": [], "start_line": 310, "executed_branches": [[318, 321], [318, 346], [323, 324], [323, 335], [335, 336]], "missing_branches": [[335, 318]]}, "PackageSecurityScanner._contains_risky_pattern": {"executed_lines": [350, 351], "summary": {"covered_lines": 2, "num_statements": 2, "percent_covered": 100.0, "percent_covered_display": "100", "missing_lines": 0, "excluded_lines": 0, "percent_statements_covered": 100.0, "percent_statements_covered_display": "100", "num_branches": 0, "num_partial_branches": 0, "covered_branches": 0, "missing_branches": 0, "percent_branches_covered": 100.0, "percent_branches_covered_display": "100"}, "missing_lines": [], "excluded_lines": [], "start_line": 349, "executed_branches": [], "missing_branches": []}, "PackageSecurityScanner._scan_archive": {"executed_lines": [357, 358, 359, 360, 361, 379, 380, 391, 392, 393, 394, 404, 405], "summary": {"covered_lines": 13, "num_statements": 20, "percent_covered": 56.666666666666664, "percent_covered_display": "57", "missing_lines": 7, "excluded_lines": 0, "percent_statements_covered": 65.0, "percent_statements_covered_display": "65", "num_branches": 10, "num_partial_branches": 4, "covered_branches": 4, "missing_branches": 6, "percent_branches_covered": 40.0, "percent_branches_covered_display": "40"}, "missing_lines": [369, 370, 371, 376, 377, 378, 381], "excluded_lines": [], "start_line": 356, "executed_branches": [[359, 360], [380, 391], [391, 392], [393, 394]], "missing_branches": [[359, 369], [369, 370], [369, 376], [380, 381], [391, 405], [393, 391]]}, "PackageSecurityScanner._link_finding": {"executed_lines": [408], "summary": {"covered_lines": 1, "num_statements": 1, "percent_covered": 100.0, "percent_covered_display": "100", "missing_lines": 0, "excluded_lines": 0, "percent_statements_covered": 100.0, "percent_statements_covered_display": "100", "num_branches": 0, "num_partial_branches": 0, "covered_branches": 0, "missing_branches": 0, "percent_branches_covered": 100.0, "percent_branches_covered_display": "100"}, "missing_lines": [], "excluded_lines": [], "start_line": 407, "executed_branches": [], "missing_branches": []}, "PackageSecurityScanner._relative": {"executed_lines": [419], "summary": {"covered_lines": 1, "num_statements": 1, "percent_covered": 100.0, "percent_covered_display": "100", "missing_lines": 0, "excluded_lines": 0, "percent_statements_covered": 100.0, "percent_statements_covered_display": "100", "num_branches": 0, "num_partial_branches": 0, "covered_branches": 0, "missing_branches": 0, "percent_branches_covered": 100.0, "percent_branches_covered_display": "100"}, "missing_lines": [], "excluded_lines": [], "start_line": 418, "executed_branches": [], "missing_branches": []}, "PackageSecurityScanner._finding": {"executed_lines": [430], "summary": {"covered_lines": 1, "num_statements": 1, "percent_covered": 100.0, "percent_covered_display": "100", "missing_lines": 0, "excluded_lines": 0, "percent_statements_covered": 100.0, "percent_statements_covered_display": "100", "num_branches": 0, "num_partial_branches": 0, "covered_branches": 0, "missing_branches": 0, "percent_branches_covered": 100.0, "percent_branches_covered_display": "100"}, "missing_lines": [], "excluded_lines": [], "start_line": 422, "executed_branches": [], "missing_branches": []}, "PackageSecurityScanner._deduplicate": {"executed_lines": [441, 442, 443, 444, 445, 446, 447, 448], "summary": {"covered_lines": 8, "num_statements": 8, "percent_covered": 91.66666666666667, "percent_covered_display": "92", "missing_lines": 0, "excluded_lines": 0, "percent_statements_covered": 100.0, "percent_statements_covered_display": "100", "num_branches": 4, "num_partial_branches": 1, "covered_branches": 3, "missing_branches": 1, "percent_branches_covered": 75.0, "percent_branches_covered_display": "75"}, "missing_lines": [], "excluded_lines": [], "start_line": 440, "executed_branches": [[443, 444], [443, 448], [445, 446]], "missing_branches": [[445, 443]]}, "PackageSecurityDetector.scan": {"executed_lines": [455], "summary": {"covered_lines": 1, "num_statements": 1, "percent_covered": 100.0, "percent_covered_display": "100", "missing_lines": 0, "excluded_lines": 0, "percent_statements_covered": 100.0, "percent_statements_covered_display": "100", "num_branches": 0, "num_partial_branches": 0, "covered_branches": 0, "missing_branches": 0, "percent_branches_covered": 100.0, "percent_branches_covered_display": "100"}, "missing_lines": [], "excluded_lines": [], "start_line": 454, "executed_branches": [], "missing_branches": []}, "PackagePrivacyDetector.__init__": {"executed_lines": [462], "summary": {"covered_lines": 1, "num_statements": 1, "percent_covered": 100.0, "percent_covered_display": "100", "missing_lines": 0, "excluded_lines": 0, "percent_statements_covered": 100.0, "percent_statements_covered_display": "100", "num_branches": 0, "num_partial_branches": 0, "covered_branches": 0, "missing_branches": 0, "percent_branches_covered": 100.0, "percent_branches_covered_display": "100"}, "missing_lines": [], "excluded_lines": [], "start_line": 461, "executed_branches": [], "missing_branches": []}, "PackagePrivacyDetector.scan": {"executed_lines": [465, 466, 467, 468, 469, 470, 471, 476, 477, 478, 479, 480, 481, 484, 485, 486, 488, 493, 494, 495, 498, 499, 502, 503, 504, 505, 508, 509], "summary": {"covered_lines": 28, "num_statements": 34, "percent_covered": 83.33333333333333, "percent_covered_display": "83", "missing_lines": 6, "excluded_lines": 0, "percent_statements_covered": 82.3529411764706, "percent_statements_covered_display": "82", "num_branches": 14, "num_partial_branches": 2, "covered_branches": 12, "missing_branches": 2, "percent_branches_covered": 85.71428571428571, "percent_branches_covered_display": "86"}, "missing_lines": [482, 483, 487, 496, 497, 507], "excluded_lines": [], "start_line": 464, "executed_branches": [[469, 470], [469, 509], [476, 469], [476, 477], [478, 479], [478, 480], [486, 488], [488, 493], [488, 494], [499, 476], [499, 502], [503, 504]], "missing_branches": [[486, 487], [503, 507]]}, "": {"executed_lines": [3, 5, 6, 7, 8, 9, 10, 11, 13, 14, 15, 16, 18, 19, 20, 21, 22, 24, 37, 63, 65, 158, 161, 261, 262, 265, 310, 348, 349, 356, 407, 417, 418, 421, 422, 439, 440, 451, 454, 458, 461, 464], "summary": {"covered_lines": 42, "num_statements": 42, "percent_covered": 100.0, "percent_covered_display": "100", "missing_lines": 0, "excluded_lines": 0, "percent_statements_covered": 100.0, "percent_statements_covered_display": "100", "num_branches": 0, "num_partial_branches": 0, "covered_branches": 0, "missing_branches": 0, "percent_branches_covered": 100.0, "percent_branches_covered_display": "100"}, "missing_lines": [], "excluded_lines": [], "start_line": 1, "executed_branches": [], "missing_branches": []}}, "classes": {"PackageSecurityScanner": {"executed_lines": [162, 163, 164, 165, 166, 167, 168, 169, 170, 171, 174, 175, 176, 177, 178, 179, 180, 181, 182, 183, 196, 208, 209, 210, 225, 226, 227, 228, 229, 230, 234, 235, 236, 239, 240, 241, 242, 243, 244, 245, 246, 256, 258, 259, 263, 268, 269, 288, 289, 290, 291, 298, 308, 311, 312, 313, 318, 321, 322, 323, 324, 325, 335, 336, 346, 350, 351, 357, 358, 359, 360, 361, 379, 380, 391, 392, 393, 394, 404, 405, 408, 419, 430, 441, 442, 443, 444, 445, 446, 447, 448], "summary": {"covered_lines": 91, "num_statements": 116, "percent_covered": 75.0, "percent_covered_display": "75", "missing_lines": 25, "excluded_lines": 0, "percent_statements_covered": 78.44827586206897, "percent_statements_covered_display": "78", "num_branches": 60, "num_partial_branches": 11, "covered_branches": 41, "missing_branches": 19, "percent_branches_covered": 68.33333333333333, "percent_branches_covered_display": "68"}, "missing_lines": [172, 184, 185, 195, 197, 207, 211, 237, 238, 270, 271, 272, 273, 274, 275, 276, 277, 278, 369, 370, 371, 376, 377, 378, 381], "excluded_lines": [], "start_line": 158, "executed_branches": [[166, 167], [166, 225], [169, 170], [169, 175], [171, 174], [176, 166], [176, 177], [178, 179], [178, 181], [196, 208], [210, 176], [226, 227], [226, 258], [228, 229], [228, 230], [230, 234], [230, 235], [241, 242], [241, 256], [242, 243], [242, 244], [244, 241], [244, 245], [269, 288], [288, 289], [288, 308], [289, 290], [289, 308], [291, 298], [318, 321], [318, 346], [323, 324], [323, 335], [335, 336], [359, 360], [380, 391], [391, 392], [393, 394], [443, 444], [443, 448], [445, 446]], "missing_branches": [[171, 172], [196, 197], [210, 211], [269, 270], [275, 276], [275, 288], [276, 277], [276, 288], [277, 276], [277, 278], [291, 289], [335, 318], [359, 369], [369, 370], [369, 376], [380, 381], [391, 405], [393, 391], [445, 443]]}, "PackageSecurityDetector": {"executed_lines": [455], "summary": {"covered_lines": 1, "num_statements": 1, "percent_covered": 100.0, "percent_covered_display": "100", "missing_lines": 0, "excluded_lines": 0, "percent_statements_covered": 100.0, "percent_statements_covered_display": "100", "num_branches": 0, "num_partial_branches": 0, "covered_branches": 0, "missing_branches": 0, "percent_branches_covered": 100.0, "percent_branches_covered_display": "100"}, "missing_lines": [], "excluded_lines": [], "start_line": 451, "executed_branches": [], "missing_branches": []}, "PackagePrivacyDetector": {"executed_lines": [462, 465, 466, 467, 468, 469, 470, 471, 476, 477, 478, 479, 480, 481, 484, 485, 486, 488, 493, 494, 495, 498, 499, 502, 503, 504, 505, 508, 509], "summary": {"covered_lines": 29, "num_statements": 35, "percent_covered": 83.6734693877551, "percent_covered_display": "84", "missing_lines": 6, "excluded_lines": 0, "percent_statements_covered": 82.85714285714286, "percent_statements_covered_display": "83", "num_branches": 14, "num_partial_branches": 2, "covered_branches": 12, "missing_branches": 2, "percent_branches_covered": 85.71428571428571, "percent_branches_covered_display": "86"}, "missing_lines": [482, 483, 487, 496, 497, 507], "excluded_lines": [], "start_line": 458, "executed_branches": [[469, 470], [469, 509], [476, 469], [476, 477], [478, 479], [478, 480], [486, 488], [488, 493], [488, 494], [499, 476], [499, 502], [503, 504]], "missing_branches": [[486, 487], [503, 507]]}, "": {"executed_lines": [3, 5, 6, 7, 8, 9, 10, 11, 13, 14, 15, 16, 18, 19, 20, 21, 22, 24, 37, 63, 65, 158, 161, 261, 262, 265, 310, 348, 349, 356, 407, 417, 418, 421, 422, 439, 440, 451, 454, 458, 461, 464], "summary": {"covered_lines": 42, "num_statements": 42, "percent_covered": 100.0, "percent_covered_display": "100", "missing_lines": 0, "excluded_lines": 0, "percent_statements_covered": 100.0, "percent_statements_covered_display": "100", "num_branches": 0, "num_partial_branches": 0, "covered_branches": 0, "missing_branches": 0, "percent_branches_covered": 100.0, "percent_branches_covered_display": "100"}, "missing_lines": [], "excluded_lines": [], "start_line": 1, "executed_branches": [], "missing_branches": []}}}, "src/skilltrustops/detectors/pii.py": {"executed_lines": [3, 5, 6, 7, 8, 10, 15, 16, 20, 23, 26, 27, 29, 31, 33, 34, 45, 46, 57, 58, 69, 70, 71, 74, 76, 87, 89, 98, 110, 111, 119, 120, 129, 130, 131, 133, 134, 135, 136, 137, 138, 139, 141, 142], "summary": {"covered_lines": 44, "num_statements": 47, "percent_covered": 89.55223880597015, "percent_covered_display": "90", "missing_lines": 3, "excluded_lines": 0, "percent_statements_covered": 93.61702127659575, "percent_statements_covered_display": "94", "num_branches": 20, "num_partial_branches": 4, "covered_branches": 16, "missing_branches": 4, "percent_branches_covered": 80.0, "percent_branches_covered_display": "80"}, "missing_lines": [75, 132, 140], "excluded_lines": [], "executed_branches": [[33, 34], [33, 45], [45, 46], [45, 57], [57, 58], [69, 70], [69, 87], [70, 71], [70, 87], [74, 76], [131, 133], [135, 136], [135, 142], [137, 138], [137, 141], [139, 141]], "missing_branches": [[57, 69], [74, 75], [131, 132], [139, 140]], "functions": {"BuiltinPiiDetector.__init__": {"executed_lines": [27], "summary": {"covered_lines": 1, "num_statements": 1, "percent_covered": 100.0, "percent_covered_display": "100", "missing_lines": 0, "excluded_lines": 0, "percent_statements_covered": 100.0, "percent_statements_covered_display": "100", "num_branches": 0, "num_partial_branches": 0, "covered_branches": 0, "missing_branches": 0, "percent_branches_covered": 100.0, "percent_branches_covered_display": "100"}, "missing_lines": [], "excluded_lines": [], "start_line": 26, "executed_branches": [], "missing_branches": []}, "BuiltinPiiDetector.scan": {"executed_lines": [31, 33, 34, 45, 46, 57, 58, 69, 70, 71, 74, 76, 87], "summary": {"covered_lines": 13, "num_statements": 14, "percent_covered": 88.46153846153847, "percent_covered_display": "88", "missing_lines": 1, "excluded_lines": 0, "percent_statements_covered": 92.85714285714286, "percent_statements_covered_display": "93", "num_branches": 12, "num_partial_branches": 2, "covered_branches": 10, "missing_branches": 2, "percent_branches_covered": 83.33333333333333, "percent_branches_covered_display": "83"}, "missing_lines": [75], "excluded_lines": [], "start_line": 29, "executed_branches": [[33, 34], [33, 45], [45, 46], [45, 57], [57, 58], [69, 70], [69, 87], [70, 71], [70, 87], [74, 76]], "missing_branches": [[57, 69], [74, 75]]}, "BuiltinPiiDetector._regex_findings": {"executed_lines": [98], "summary": {"covered_lines": 1, "num_statements": 1, "percent_covered": 100.0, "percent_covered_display": "100", "missing_lines": 0, "excluded_lines": 0, "percent_statements_covered": 100.0, "percent_statements_covered_display": "100", "num_branches": 0, "num_partial_branches": 0, "covered_branches": 0, "missing_branches": 0, "percent_branches_covered": 100.0, "percent_branches_covered_display": "100"}, "missing_lines": [], "excluded_lines": [], "start_line": 89, "executed_branches": [], "missing_branches": []}, "BuiltinPiiDetector._finding": {"executed_lines": [119, 120], "summary": {"covered_lines": 2, "num_statements": 2, "percent_covered": 100.0, "percent_covered_display": "100", "missing_lines": 0, "excluded_lines": 0, "percent_statements_covered": 100.0, "percent_statements_covered_display": "100", "num_branches": 0, "num_partial_branches": 0, "covered_branches": 0, "missing_branches": 0, "percent_branches_covered": 100.0, "percent_branches_covered_display": "100"}, "missing_lines": [], "excluded_lines": [], "start_line": 111, "executed_branches": [], "missing_branches": []}, "BuiltinPiiDetector._passes_luhn": {"executed_lines": [131, 133, 134, 135, 136, 137, 138, 139, 141, 142], "summary": {"covered_lines": 10, "num_statements": 12, "percent_covered": 80.0, "percent_covered_display": "80", "missing_lines": 2, "excluded_lines": 0, "percent_statements_covered": 83.33333333333333, "percent_statements_covered_display": "83", "num_branches": 8, "num_partial_branches": 2, "covered_branches": 6, "missing_branches": 2, "percent_branches_covered": 75.0, "percent_branches_covered_display": "75"}, "missing_lines": [132, 140], "excluded_lines": [], "start_line": 130, "executed_branches": [[131, 133], [135, 136], [135, 142], [137, 138], [137, 141], [139, 141]], "missing_branches": [[131, 132], [139, 140]]}, "": {"executed_lines": [3, 5, 6, 7, 8, 10, 15, 16, 20, 23, 26, 29, 89, 110, 111, 129, 130], "summary": {"covered_lines": 17, "num_statements": 17, "percent_covered": 100.0, "percent_covered_display": "100", "missing_lines": 0, "excluded_lines": 0, "percent_statements_covered": 100.0, "percent_statements_covered_display": "100", "num_branches": 0, "num_partial_branches": 0, "covered_branches": 0, "missing_branches": 0, "percent_branches_covered": 100.0, "percent_branches_covered_display": "100"}, "missing_lines": [], "excluded_lines": [], "start_line": 1, "executed_branches": [], "missing_branches": []}}, "classes": {"BuiltinPiiDetector": {"executed_lines": [27, 31, 33, 34, 45, 46, 57, 58, 69, 70, 71, 74, 76, 87, 98, 119, 120, 131, 133, 134, 135, 136, 137, 138, 139, 141, 142], "summary": {"covered_lines": 27, "num_statements": 30, "percent_covered": 86.0, "percent_covered_display": "86", "missing_lines": 3, "excluded_lines": 0, "percent_statements_covered": 90.0, "percent_statements_covered_display": "90", "num_branches": 20, "num_partial_branches": 4, "covered_branches": 16, "missing_branches": 4, "percent_branches_covered": 80.0, "percent_branches_covered_display": "80"}, "missing_lines": [75, 132, 140], "excluded_lines": [], "start_line": 23, "executed_branches": [[33, 34], [33, 45], [45, 46], [45, 57], [57, 58], [69, 70], [69, 87], [70, 71], [70, 87], [74, 76], [131, 133], [135, 136], [135, 142], [137, 138], [137, 141], [139, 141]], "missing_branches": [[57, 69], [74, 75], [131, 132], [139, 140]]}, "": {"executed_lines": [3, 5, 6, 7, 8, 10, 15, 16, 20, 23, 26, 29, 89, 110, 111, 129, 130], "summary": {"covered_lines": 17, "num_statements": 17, "percent_covered": 100.0, "percent_covered_display": "100", "missing_lines": 0, "excluded_lines": 0, "percent_statements_covered": 100.0, "percent_statements_covered_display": "100", "num_branches": 0, "num_partial_branches": 0, "covered_branches": 0, "missing_branches": 0, "percent_branches_covered": 100.0, "percent_branches_covered_display": "100"}, "missing_lines": [], "excluded_lines": [], "start_line": 1, "executed_branches": [], "missing_branches": []}}}, "src/skilltrustops/detectors/secrets.py": {"executed_lines": [3, 4, 6, 7, 8, 11, 12, 15, 16, 17, 18, 19, 22, 47, 54, 65, 68, 71, 73, 74, 76, 77, 98, 99, 100, 101, 119, 120, 122, 123, 124, 125, 126, 127, 144], "summary": {"covered_lines": 35, "num_statements": 36, "percent_covered": 95.83333333333333, "percent_covered_display": "96", "missing_lines": 1, "excluded_lines": 0, "percent_statements_covered": 97.22222222222223, "percent_statements_covered_display": "97", "num_branches": 12, "num_partial_branches": 1, "covered_branches": 11, "missing_branches": 1, "percent_branches_covered": 91.66666666666667, "percent_branches_covered_display": "92"}, "missing_lines": [121], "excluded_lines": [], "executed_branches": [[76, 77], [76, 98], [98, 99], [98, 119], [99, 98], [99, 100], [119, 120], [119, 144], [120, 122], [123, 124], [123, 125]], "missing_branches": [[120, 121]], "functions": {"BuiltinSecretDetector.scan": {"executed_lines": [73, 74, 76, 77, 98, 99, 100, 101, 119, 120, 122, 123, 124, 125, 126, 127, 144], "summary": {"covered_lines": 17, "num_statements": 18, "percent_covered": 93.33333333333333, "percent_covered_display": "93", "missing_lines": 1, "excluded_lines": 0, "percent_statements_covered": 94.44444444444444, "percent_statements_covered_display": "94", "num_branches": 12, "num_partial_branches": 1, "covered_branches": 11, "missing_branches": 1, "percent_branches_covered": 91.66666666666667, "percent_branches_covered_display": "92"}, "missing_lines": [121], "excluded_lines": [], "start_line": 71, "executed_branches": [[76, 77], [76, 98], [98, 99], [98, 119], [99, 98], [99, 100], [119, 120], [119, 144], [120, 122], [123, 124], [123, 125]], "missing_branches": [[120, 121]]}, "": {"executed_lines": [3, 4, 6, 7, 8, 11, 12, 15, 16, 17, 18, 19, 22, 47, 54, 65, 68, 71], "summary": {"covered_lines": 18, "num_statements": 18, "percent_covered": 100.0, "percent_covered_display": "100", "missing_lines": 0, "excluded_lines": 0, "percent_statements_covered": 100.0, "percent_statements_covered_display": "100", "num_branches": 0, "num_partial_branches": 0, "covered_branches": 0, "missing_branches": 0, "percent_branches_covered": 100.0, "percent_branches_covered_display": "100"}, "missing_lines": [], "excluded_lines": [], "start_line": 1, "executed_branches": [], "missing_branches": []}}, "classes": {"SecretPattern": {"executed_lines": [], "summary": {"covered_lines": 0, "num_statements": 0, "percent_covered": 100.0, "percent_covered_display": "100", "missing_lines": 0, "excluded_lines": 0, "percent_statements_covered": 100.0, "percent_statements_covered_display": "100", "num_branches": 0, "num_partial_branches": 0, "covered_branches": 0, "missing_branches": 0, "percent_branches_covered": 100.0, "percent_branches_covered_display": "100"}, "missing_lines": [], "excluded_lines": [], "start_line": 12, "executed_branches": [], "missing_branches": []}, "BuiltinSecretDetector": {"executed_lines": [73, 74, 76, 77, 98, 99, 100, 101, 119, 120, 122, 123, 124, 125, 126, 127, 144], "summary": {"covered_lines": 17, "num_statements": 18, "percent_covered": 93.33333333333333, "percent_covered_display": "93", "missing_lines": 1, "excluded_lines": 0, "percent_statements_covered": 94.44444444444444, "percent_statements_covered_display": "94", "num_branches": 12, "num_partial_branches": 1, "covered_branches": 11, "missing_branches": 1, "percent_branches_covered": 91.66666666666667, "percent_branches_covered_display": "92"}, "missing_lines": [121], "excluded_lines": [], "start_line": 68, "executed_branches": [[76, 77], [76, 98], [98, 99], [98, 119], [99, 98], [99, 100], [119, 120], [119, 144], [120, 122], [123, 124], [123, 125]], "missing_branches": [[120, 121]]}, "": {"executed_lines": [3, 4, 6, 7, 8, 11, 12, 15, 16, 17, 18, 19, 22, 47, 54, 65, 68, 71], "summary": {"covered_lines": 18, "num_statements": 18, "percent_covered": 100.0, "percent_covered_display": "100", "missing_lines": 0, "excluded_lines": 0, "percent_statements_covered": 100.0, "percent_statements_covered_display": "100", "num_branches": 0, "num_partial_branches": 0, "covered_branches": 0, "missing_branches": 0, "percent_branches_covered": 100.0, "percent_branches_covered_display": "100"}, "missing_lines": [], "excluded_lines": [], "start_line": 1, "executed_branches": [], "missing_branches": []}}}, "src/skilltrustops/domain/__init__.py": {"executed_lines": [], "summary": {"covered_lines": 0, "num_statements": 0, "percent_covered": 100.0, "percent_covered_display": "100", "missing_lines": 0, "excluded_lines": 0, "percent_statements_covered": 100.0, "percent_statements_covered_display": "100", "num_branches": 0, "num_partial_branches": 0, "covered_branches": 0, "missing_branches": 0, "percent_branches_covered": 100.0, "percent_branches_covered_display": "100"}, "missing_lines": [], "excluded_lines": [], "executed_branches": [], "missing_branches": [], "functions": {"": {"executed_lines": [], "summary": {"covered_lines": 0, "num_statements": 0, "percent_covered": 100.0, "percent_covered_display": "100", "missing_lines": 0, "excluded_lines": 0, "percent_statements_covered": 100.0, "percent_statements_covered_display": "100", "num_branches": 0, "num_partial_branches": 0, "covered_branches": 0, "missing_branches": 0, "percent_branches_covered": 100.0, "percent_branches_covered_display": "100"}, "missing_lines": [], "excluded_lines": [], "start_line": 1, "executed_branches": [], "missing_branches
[...]
tatements": 0, "percent_covered": 100.0, "percent_covered_display": "100", "missing_lines": 0, "excluded_lines": 0, "percent_statements_covered": 100.0, "percent_statements_covered_display": "100", "num_branches": 0, "num_partial_branches": 0, "covered_branches": 0, "missing_branches": 0, "percent_branches_covered": 100.0, "percent_branches_covered_display": "100"}, "missing_lines": [], "excluded_lines": [], "start_line": 1, "executed_branches": [], "missing_branches": []}}, "classes": {"": {"executed_lines": [], "summary": {"covered_lines": 0, "num_statements": 0, "percent_covered": 100.0, "percent_covered_display": "100", "missing_lines": 0, "excluded_lines": 0, "percent_statements_covered": 100.0, "percent_statements_covered_display": "100", "num_branches": 0, "num_partial_branches": 0, "covered_branches": 0, "missing_branches": 0, "percent_branches_covered": 100.0, "percent_branches_covered_display": "100"}, "missing_lines": [], "excluded_lines": [], "start_line": 1, "executed_branches": [], "missing_branches": []}}}, "src/skilltrustops/services/batch.py": {"executed_lines": [3, 5, 6, 7, 8, 10, 11, 19, 20, 25, 26, 27, 28, 30, 33, 37, 40, 41, 42, 43, 46, 61, 62, 63, 64, 66, 67, 69, 70, 72, 75, 85, 86, 87, 91, 93, 99, 100, 101, 103, 104, 115, 116, 117, 126, 128, 129, 130, 139, 141, 148, 156, 161, 162, 163, 164, 166, 181, 182, 185, 191, 192, 193], "summary": {"covered_lines": 63, "num_statements": 72, "percent_covered": 82.97872340425532, "percent_covered_display": "83", "missing_lines": 9, "excluded_lines": 0, "percent_statements_covered": 87.5, "percent_statements_covered_display": "88", "num_branches": 22, "num_partial_branches": 7, "covered_branches": 15, "missing_branches": 7, "percent_branches_covered": 68.18181818181819, "percent_branches_covered_display": "68"}, "missing_lines": [65, 68, 71, 73, 88, 113, 165, 173, 174], "excluded_lines": [], "executed_branches": [[64, 66], [66, 67], [66, 70], [67, 69], [70, 72], [72, 75], [85, 86], [85, 87], [87, 91], [103, 104], [116, 117], [116, 126], [129, 130], [129, 139], [164, 166]], "missing_branches": [[64, 65], [67, 68], [70, 71], [72, 73], [87, 88], [103, 113], [164, 165]], "functions": {"BatchScanService.run": {"executed_lines": [41, 42, 43, 46], "summary": {"covered_lines": 4, "num_statements": 4, "percent_covered": 100.0, "percent_covered_display": "100", "missing_lines": 0, "excluded_lines": 0, "percent_statements_covered": 100.0, "percent_statements_covered_display": "100", "num_branches": 0, "num_partial_branches": 0, "covered_branches": 0, "missing_branches": 0, "percent_branches_covered": 100.0, "percent_branches_covered_display": "100"}, "missing_lines": [], "excluded_lines": [], "start_line": 40, "executed_branches": [], "missing_branches": []}, "BatchScanService.discover": {"executed_lines": [63, 64, 66, 67, 69, 70, 72, 75, 85, 86, 87, 91], "summary": {"covered_lines": 12, "num_statements": 17, "percent_covered": 67.74193548387096, "percent_covered_display": "68", "missing_lines": 5, "excluded_lines": 0, "percent_statements_covered": 70.58823529411765, "percent_statements_covered_display": "71", "num_branches": 14, "num_partial_branches": 5, "covered_branches": 9, "missing_branches": 5, "percent_branches_covered": 64.28571428571429, "percent_branches_covered_display": "64"}, "missing_lines": [65, 68, 71, 73, 88], "excluded_lines": [], "start_line": 62, "executed_branches": [[64, 66], [66, 67], [66, 70], [67, 69], [70, 72], [72, 75], [85, 86], [85, 87], [87, 91]], "missing_branches": [[64, 65], [67, 68], [70, 71], [72, 73], [87, 88]]}, "BatchScanService._scan_skill": {"executed_lines": [99, 100, 101, 103, 104, 115, 116, 117, 126, 128, 129, 130, 139, 141, 148], "summary": {"covered_lines": 15, "num_statements": 16, "percent_covered": 90.9090909090909, "percent_covered_display": "91", "missing_lines": 1, "excluded_lines": 0, "percent_statements_covered": 93.75, "percent_statements_covered_display": "94", "num_branches": 6, "num_partial_branches": 1, "covered_branches": 5, "missing_branches": 1, "percent_branches_covered": 83.33333333333333, "percent_branches_covered_display": "83"}, "missing_lines": [113], "excluded_lines": [], "start_line": 93, "executed_branches": [[103, 104], [116, 117], [116, 126], [129, 130], [129, 139]], "missing_branches": [[103, 113]]}, "BatchScanService._run_check": {"executed_lines": [161, 162, 163, 164, 166], "summary": {"covered_lines": 5, "num_statements": 8, "percent_covered": 60.0, "percent_covered_display": "60", "missing_lines": 3, "excluded_lines": 0, "percent_statements_covered": 62.5, "percent_statements_covered_display": "62", "num_branches": 2, "num_partial_branches": 1, "covered_branches": 1, "missing_branches": 1, "percent_branches_covered": 50.0, "percent_branches_covered_display": "50"}, "missing_lines": [165, 173, 174], "excluded_lines": [], "start_line": 156, "executed_branches": [[164, 166]], "missing_branches": [[164, 165]]}, "BatchScanService._skipped": {"executed_lines": [185], "summary": {"covered_lines": 1, "num_statements": 1, "percent_covered": 100.0, "percent_covered_display": "100", "missing_lines": 0, "excluded_lines": 0, "percent_statements_covered": 100.0, "percent_statements_covered_display": "100", "num_branches": 0, "num_partial_branches": 0, "covered_branches": 0, "missing_branches": 0, "percent_branches_covered": 100.0, "percent_branches_covered_display": "100"}, "missing_lines": [], "excluded_lines": [], "start_line": 182, "executed_branches": [], "missing_branches": []}, "BatchScanService._elapsed_ms": {"executed_lines": [193], "summary": {"covered_lines": 1, "num_statements": 1, "percent_covered": 100.0, "percent_covered_display": "100", "missing_lines": 0, "excluded_lines": 0, "percent_statements_covered": 100.0, "percent_statements_covered_display": "100", "num_branches": 0, "num_partial_branches": 0, "covered_branches": 0, "missing_branches": 0, "percent_branches_covered": 100.0, "percent_branches_covered_display": "100"}, "missing_lines": [], "excluded_lines": [], "start_line": 192, "executed_branches": [], "missing_branches": []}, "": {"executed_lines": [3, 5, 6, 7, 8, 10, 11, 19, 20, 25, 26, 27, 28, 30, 33, 37, 40, 61, 62, 93, 156, 181, 182, 191, 192], "summary": {"covered_lines": 25, "num_statements": 25, "percent_covered": 100.0, "percent_covered_display": "100", "missing_lines": 0, "excluded_lines": 0, "percent_statements_covered": 100.0, "percent_statements_covered_display": "100", "num_branches": 0, "num_partial_branches": 0, "covered_branches": 0, "missing_branches": 0, "percent_branches_covered": 100.0, "percent_branches_covered_display": "100"}, "missing_lines": [], "excluded_lines": [], "start_line": 1, "executed_branches": [], "missing_branches": []}}, "classes": {"BatchScanError": {"executed_lines": [], "summary": {"covered_lines": 0, "num_statements": 0, "percent_covered": 100.0, "percent_covered_display": "100", "missing_lines": 0, "excluded_lines": 0, "percent_statements_covered": 100.0, "percent_statements_covered_display": "100", "num_branches": 0, "num_partial_branches": 0, "covered_branches": 0, "missing_branches": 0, "percent_branches_covered": 100.0, "percent_branches_covered_display": "100"}, "missing_lines": [], "excluded_lines": [], "start_line": 33, "executed_branches": [], "missing_branches": []}, "BatchScanService": {"executed_lines": [41, 42, 43, 46, 63, 64, 66, 67, 69, 70, 72, 75, 85, 86, 87, 91, 99, 100, 101, 103, 104, 115, 116, 117, 126, 128, 129, 130, 139, 141, 148, 161, 162, 163, 164, 166, 185, 193], "summary": {"covered_lines": 38, "num_statements": 47, "percent_covered": 76.81159420289855, "percent_covered_display": "77", "missing_lines": 9, "excluded_lines": 0, "percent_statements_covered": 80.85106382978724, "percent_statements_covered_display": "81", "num_branches": 22, "num_partial_branches": 7, "covered_branches": 15, "missing_branches": 7, "percent_branches_covered": 68.18181818181819, "percent_branches_covered_display": "68"}, "missing_lines": [65, 68, 71, 73, 88, 113, 165, 173, 174], "excluded_lines": [], "start_line": 37, "executed_branches": [[64, 66], [66, 67], [66, 70], [67, 69], [70, 72], [72, 75], [85, 86], [85, 87], [87, 91], [103, 104], [116, 117], [116, 126], [129, 130], [129, 139], [164, 166]], "missing_branches": [[64, 65], [67, 68], [70, 71], [72, 73], [87, 88], [103, 113], [164, 165]]}, "": {"executed_lines": [3, 5, 6, 7, 8, 10, 11, 19, 20, 25, 26, 27, 28, 30, 33, 37, 40, 61, 62, 93, 156, 181, 182, 191, 192], "summary": {"covered_lines": 25, "num_statements": 25, "percent_covered": 100.0, "percent_covered_display": "100", "missing_lines": 0, "excluded_lines": 0, "percent_statements_covered": 100.0, "percent_statements_covered_display": "100", "num_branches": 0, "num_partial_branches": 0, "covered_branches": 0, "missing_branches": 0, "percent_branches_covered": 100.0, "percent_branches_covered_display": "100"}, "missing_lines": [], "excluded_lines": [], "start_line": 1, "executed_branches": [], "missing_branches": []}}}, "src/skilltrustops/services/lint.py": {"executed_lines": [3, 5, 6, 7, 10, 13, 14, 16, 18, 19], "summary": {"covered_lines": 10, "num_statements": 10, "percent_covered": 100.0, "percent_covered_display": "100", "missing_lines": 0, "excluded_lines": 0, "percent_statements_covered": 100.0, "percent_statements_covered_display": "100", "num_branches": 0, "num_partial_branches": 0, "covered_branches": 0, "missing_branches": 0, "percent_branches_covered": 100.0, "percent_branches_covered_display": "100"}, "missing_lines": [], "excluded_lines": [], "executed_branches": [], "missing_branches": [], "functions": {"LintService.__init__": {"executed_lines": [14], "summary": {"covered_lines": 1, "num_statements": 1, "percent_covered": 100.0, "percent_covered_display": "100", "missing_lines": 0, "excluded_lines": 0, "percent_statements_covered": 100.0, "percent_statements_covered_display": "100", "num_branches": 0, "num_partial_branches": 0, "covered_branches": 0, "missing_branches": 0, "percent_branches_covered": 100.0, "percent_branches_covered_display": "100"}, "missing_lines": [], "excluded_lines": [], "start_line": 13, "executed_branches": [], "missing_branches": []}, "LintService.run": {"executed_lines": [18, 19], "summary": {"covered_lines": 2, "num_statements": 2, "percent_covered": 100.0, "percent_covered_display": "100", "missing_lines": 0, "excluded_lines": 0, "percent_statements_covered": 100.0, "percent_statements_covered_display": "100", "num_branches": 0, "num_partial_branches": 0, "covered_branches": 0, "missing_branches": 0, "percent_branches_covered": 100.0, "percent_branches_covered_display": "100"}, "missing_lines": [], "excluded_lines": [], "start_line": 16, "executed_branches": [], "missing_branches": []}, "": {"executed_lines": [3, 5, 6, 7, 10, 13, 16], "summary": {"covered_lines": 7, "num_statements": 7, "percent_covered": 100.0, "percent_covered_display": "100", "missing_lines": 0, "excluded_lines": 0, "percent_statements_covered": 100.0, "percent_statements_covered_display": "100", "num_branches": 0, "num_partial_branches": 0, "covered_branches": 0, "missing_branches": 0, "percent_branches_covered": 100.0, "percent_branches_covered_display": "100"}, "missing_lines": [], "excluded_lines": [], "start_line": 1, "executed_branches": [], "missing_branches": []}}, "classes": {"LintService": {"executed_lines": [14, 18, 19], "summary": {"covered_lines": 3, "num_statements": 3, "percent_covered": 100.0, "percent_covered_display": "100", "missing_lines": 0, "excluded_lines": 0, "percent_statements_covered": 100.0, "percent_statements_covered_display": "100", "num_branches": 0, "num_partial_branches": 0, "covered_branches": 0, "missing_branches": 0, "percent_branches_covered": 100.0, "percent_branches_covered_display": "100"}, "missing_lines": [], "excluded_lines": [], "start_line": 10, "executed_branches": [], "missing_branches": []}, "": {"executed_lines": [3, 5, 6, 7, 10, 13, 16], "summary": {"covered_lines": 7, "num_statements": 7, "percent_covered": 100.0, "percent_covered_display": "100", "missing_lines": 0, "excluded_lines": 0, "percent_statements_covered": 100.0, "percent_statements_covered_display": "100", "num_branches": 0, "num_partial_branches": 0, "covered_branches": 0, "missing_branches": 0, "percent_branches_covered": 100.0, "percent_branches_covered_display": "100"}, "missing_lines": [], "excluded_lines": [], "start_line": 1, "executed_branches": [], "missing_branches": []}}}, "src/skilltrustops/services/local_env.py": {"executed_lines": [3, 5, 6, 9, 11, 13, 14, 15, 17, 18, 19, 20, 23, 25, 26, 28, 29, 30, 31, 32], "summary": {"covered_lines": 20, "num_statements": 24, "percent_covered": 76.3157894736842, "percent_covered_display": "76", "missing_lines": 4, "excluded_lines": 0, "percent_statements_covered": 83.33333333333333, "percent_statements_covered_display": "83", "num_branches": 14, "num_partial_branches": 5, "covered_branches": 9, "missing_branches": 5, "percent_branches_covered": 64.28571428571429, "percent_branches_covered_display": "64"}, "missing_lines": [12, 16, 27, 33], "excluded_lines": [], "executed_branches": [[11, 13], [13, -9], [13, 14], [15, 17], [19, 20], [26, 28], [28, 29], [30, 28], [30, 31]], "missing_branches": [[11, 12], [15, 16], [19, 13], [26, 27], [28, 33]], "functions": {"load_local_env": {"executed_lines": [11, 13, 14, 15, 17, 18, 19, 20], "summary": {"covered_lines": 8, "num_statements": 10, "percent_covered": 72.22222222222223, "percent_covered_display": "72", "missing_lines": 2, "excluded_lines": 0, "percent_statements_covered": 80.0, "percent_statements_covered_display": "80", "num_branches": 8, "num_partial_branches": 3, "covered_branches": 5, "missing_branches": 3, "percent_branches_covered": 62.5, "percent_branches_covered_display": "62"}, "missing_lines": [12, 16], "excluded_lines": [], "start_line": 9, "executed_branches": [[11, 13], [13, -9], [13, 14], [15, 17], [19, 20]], "missing_branches": [[11, 12], [15, 16], [19, 13]]}, "load_discovered_env": {"executed_lines": [25, 26, 28, 29, 30, 31, 32], "summary": {"covered_lines": 7, "num_statements": 9, "percent_covered": 73.33333333333333, "percent_covered_display": "73", "missing_lines": 2, "excluded_lines": 0, "percent_statements_covered": 77.77777777777777, "percent_statements_covered_display": "78", "num_branches": 6, "num_partial_branches": 2, "covered_branches": 4, "missing_branches": 2, "percent_branches_covered": 66.66666666666667, "percent_branches_covered_display": "67"}, "missing_lines": [27, 33], "excluded_lines": [], "start_line": 23, "executed_branches": [[26, 28], [28, 29], [30, 28], [30, 31]], "missing_branches": [[26, 27], [28, 33]]}, "": {"executed_lines": [3, 5, 6, 9, 23], "summary": {"covered_lines": 5, "num_statements": 5, "percent_covered": 100.0, "percent_covered_display": "100", "missing_lines": 0, "excluded_lines": 0, "percent_statements_covered": 100.0, "percent_statements_covered_display": "100", "num_branches": 0, "num_partial_branches": 0, "covered_branches": 0, "missing_branches": 0, "percent_branches_covered": 100.0, "percent_branches_covered_display": "100"}, "missing_lines": [], "excluded_lines": [], "start_line": 1, "executed_branches": [], "missing_branches": []}}, "classes": {"": {"executed_lines": [3, 5, 6, 9, 11, 13, 14, 15, 17, 18, 19, 20, 23, 25, 26, 28, 29, 30, 31, 32], "summary": {"covered_lines": 20, "num_statements": 24, "percent_covered": 76.3157894736842, "percent_covered_display": "76", "missing_lines": 4, "excluded_lines": 0, "percent_statements_covered": 83.33333333333333, "percent_statements_covered_display": "83", "num_branches": 14, "num_partial_branches": 5, "covered_branches": 9, "missing_branches": 5, "percent_branches_covered": 64.28571428571429, "percent_branches_covered_display": "64"}, "missing_lines": [12, 16, 27, 33], "excluded_lines": [], "start_line": 1, "executed_branches": [[11, 13], [13, -9], [13, 14], [15, 17], [19, 20], [26, 28], [28, 29], [30, 28], [30, 31]], "missing_branches": [[11, 12], [15, 16], [19, 13], [26, 27], [28, 33]]}}}, "src/skilltrustops/services/static_scan.py": {"executed_lines": [3, 4, 5, 7, 8, 9, 12, 15, 20, 21, 23, 25, 26, 27, 28], "summary": {"covered_lines": 15, "num_statements": 15, "percent_covered": 100.0, "percent_covered_display": "100", "missing_lines": 0, "excluded_lines": 0, "percent_statements_covered": 100.0, "percent_statements_covered_display": "100", "num_branches": 0, "num_partial_branches": 0, "covered_branches": 0, "missing_branches": 0, "percent_branches_covered": 100.0, "percent_branches_covered_display": "100"}, "missing_lines": [], "excluded_lines": [], "executed_branches": [], "missing_branches": [], "functions": {"StaticScanService.__init__": {"executed_lines": [20, 21], "summary": {"covered_lines": 2, "num_statements": 2, "percent_covered": 100.0, "percent_covered_display": "100", "missing_lines": 0, "excluded_lines": 0, "percent_statements_covered": 100.0, "percent_statements_covered_display": "100", "num_branches": 0, "num_partial_branches": 0, "covered_branches": 0, "missing_branches": 0, "percent_branches_covered": 100.0, "percent_branches_covered_display": "100"}, "missing_lines": [], "excluded_lines": [], "start_line": 15, "executed_branches": [], "missing_branches": []}, "StaticScanService.run": {"executed_lines": [25, 26, 27, 28], "summary": {"covered_lines": 4, "num_statements": 4, "percent_covered": 100.0, "percent_covered_display": "100", "missing_lines": 0, "excluded_lines": 0, "percent_statements_covered": 100.0, "percent_statements_covered_display": "100", "num_branches": 0, "num_partial_branches": 0, "covered_branches": 0, "missing_branches": 0, "percent_branches_covered": 100.0, "percent_branches_covered_display": "100"}, "missing_lines": [], "excluded_lines": [], "start_line": 23, "executed_branches": [], "missing_branches": []}, "": {"executed_lines": [3, 4, 5, 7, 8, 9, 12, 15, 23], "summary": {"covered_lines": 9, "num_statements": 9, "percent_covered": 100.0, "percent_covered_display": "100", "missing_lines": 0, "excluded_lines": 0, "percent_statements_covered": 100.0, "percent_statements_covered_display": "100", "num_branches": 0, "num_partial_branches": 0, "covered_branches": 0, "missing_branches": 0, "percent_branches_covered": 100.0, "percent_branches_covered_display": "100"}, "missing_lines": [], "excluded_lines": [], "start_line": 1, "executed_branches": [], "missing_branches": []}}, "classes": {"StaticScanService": {"executed_lines": [20, 21, 25, 26, 27, 28], "summary": {"covered_lines": 6, "num_statements": 6, "percent_covered": 100.0, "percent_covered_display": "100", "missing_lines": 0, "excluded_lines": 0, "percent_statements_covered": 100.0, "percent_statements_covered_display": "100", "num_branches": 0, "num_partial_branches": 0, "covered_branches": 0, "missing_branches": 0, "percent_branches_covered": 100.0, "percent_branches_covered_display": "100"}, "missing_lines": [], "excluded_lines": [], "start_line": 12, "executed_branches": [], "missing_branches": []}, "": {"executed_lines": [3, 4, 5, 7, 8, 9, 12, 15, 23], "summary": {"covered_lines": 9, "num_statements": 9, "percent_covered": 100.0, "percent_covered_display": "100", "missing_lines": 0, "excluded_lines": 0, "percent_statements_covered": 100.0, "percent_statements_covered_display": "100", "num_branches": 0, "num_partial_branches": 0, "covered_branches": 0, "missing_branches": 0, "percent_branches_covered": 100.0, "percent_branches_covered_display": "100"}, "missing_lines": [], "excluded_lines": [], "start_line": 1, "executed_branches": [], "missing_branches": []}}}}, "totals": {"covered_lines": 2020, "num_statements": 2329, "percent_covered": 83.55739400206825, "percent_covered_display": "84", "missing_lines": 309, "excluded_lines": 32, "percent_statements_covered": 86.73250322026621, "percent_statements_covered_display": "87", "num_branches": 572, "num_partial_branches": 120, "covered_branches": 404, "missing_branches": 168, "percent_branches_covered": 70.62937062937063, "percent_branches_covered_display": "71"}}